#-----------------------------------------------------------
# Vivado v2025.1 (64-bit)
# SW Build 6140274 on Thu May 22 00:12:29 MDT 2025
# IP Build 6138677 on Thu May 22 03:10:11 MDT 2025
# SharedData Build 6139179 on Tue May 20 17:58:58 MDT 2025
# Start of session at: Mon Feb 23 10:42:33 2026
# Process ID         : 34948
# Current directory  : C:/Users/osmya/Desktop/RiscV-CS/rv32i_single_cycle
# Command line       : vivado.exe -gui_launcher_event rodinguilauncherevent13476 C:\Users\osmya\Desktop\RiscV-CS\rv32i_single_cycle\rv32i_single_cycle.xpr
# Log file           : C:/Users/osmya/Desktop/RiscV-CS/rv32i_single_cycle/vivado.log
# Journal file       : C:/Users/osmya/Desktop/RiscV-CS/rv32i_single_cycle\vivado.jou
# Running On         : rt7-laptop-duo
# Platform           : Windows Server 2016 or Windows 10
# Operating System   : 26200
# Processor Detail   : Intel(R) Core(TM) Ultra 7 255H
# CPU Frequency      : 3686 MHz
# CPU Physical cores : 16
# CPU Logical cores  : 16
# Host memory        : 33685 MB
# Swap memory        : 2147 MB
# Total Virtual      : 35833 MB
# Available Virtual  : 3382 MB
#-----------------------------------------------------------
start_gui
open_project C:/Users/osmya/Desktop/RiscV-CS/rv32i_single_cycle/rv32i_single_cycle.xpr
WARNING: [Board 49-26] cannot add Board Part xilinx.com:kcu105:part0:1.6 available at C:/Xilinx/2025.1/data/xhub/boards\XilinxBoardStore\boards\Xilinx\kcu105\1.6\board.xml as part xcku040-ffva1156-2-e specified in board_part file is either invalid or not available
WARNING: [Board 49-26] cannot add Board Part xilinx.com:kcu105:part0:1.7 available at C:/Xilinx/2025.1/data/xhub/boards\XilinxBoardStore\boards\Xilinx\kcu105\1.7\board.xml as part xcku040-ffva1156-2-e specified in board_part file is either invalid or not available
WARNING: [Board 49-26] cannot add Board Part xilinx.com:vcu108:part0:1.6 available at C:/Xilinx/2025.1/data/xhub/boards\XilinxBoardStore\boards\Xilinx\vcu108\1.6\board.xml as part xcvu095-ffva2104-2-e specified in board_part file is either invalid or not available
WARNING: [Board 49-26] cannot add Board Part xilinx.com:vcu108:part0:1.7 available at C:/Xilinx/2025.1/data/xhub/boards\XilinxBoardStore\boards\Xilinx\vcu108\1.7\board.xml as part xcvu095-ffva2104-2-e specified in board_part file is either invalid or not available
WARNING: [Board 49-26] cannot add Board Part xilinx.com:vcu110:part0:1.4 available at C:/Xilinx/2025.1/data/xhub/boards\XilinxBoardStore\boards\Xilinx\vcu110\1.4\board.xml as part xcvu190-flgc2104-2-e specified in board_part file is either invalid or not available
WARNING: [Board 49-26] cannot add Board Part xilinx.com:vcu128:part0:1.0 available at C:/Xilinx/2025.1/data/xhub/boards\XilinxBoardStore\boards\Xilinx\vcu128\production\1.0\board.xml as part xcvu37p-fsvh2892-2l-e specified in board_part file is either invalid or not available
WARNING: [Board 49-26] cannot add Board Part xilinx.com:vcu129:part0:1.0 available at C:/Xilinx/2025.1/data/xhub/boards\XilinxBoardStore\boards\Xilinx\vcu129\production\1.0\board.xml as part xcvu29p-fsga2577-2l-e specified in board_part file is either invalid or not available
WARNING: [Board 49-26] cannot add Board Part xilinx.com:vek280:part0:1.0 available at C:/Xilinx/2025.1/data/xhub/boards\XilinxBoardStore\boards\Xilinx\vek280\production\1.0\board.xml as part xcve2802-vsvh1760-2mp-e-s specified in board_part file is either invalid or not available
WARNING: [Board 49-26] cannot add Board Part xilinx.com:vek280:part0:1.1 available at C:/Xilinx/2025.1/data/xhub/boards\XilinxBoardStore\boards\Xilinx\vek280\production\1.1\board.xml as part xcve2802-vsvh1760-2mp-e-s specified in board_part file is either invalid or not available
WARNING: [Board 49-26] cannot add Board Part xilinx.com:vek280:part0:1.2 available at C:/Xilinx/2025.1/data/xhub/boards\XilinxBoardStore\boards\Xilinx\vek280\production\1.2\board.xml as part xcve2802-vsvh1760-2mp-e-s specified in board_part file is either invalid or not available
WARNING: [Board 49-26] cannot add Board Part xilinx.com:vek385:part0:1.0 available at C:/Xilinx/2025.1/data/xhub/boards\XilinxBoardStore\boards\Xilinx\vek385\1.0\board.xml as part xc2ve3858-ssva2112-2mp-e-s specified in board_part file is either invalid or not available
WARNING: [Board 49-26] cannot add Board Part xilinx.com:vermeo_t1_rfsoc:part0:1.0 available at C:/Xilinx/2025.1/data/xhub/boards\XilinxBoardStore\boards\Xilinx\vermeo_t1_rfsoc\1.0\board.xml as part xczu21dr-ffvd1156-2l-e specified in board_part file is either invalid or not available
WARNING: [Board 49-26] cannot add Board Part xilinx.com:vhk158:part0:1.0 available at C:/Xilinx/2025.1/data/xhub/boards\XilinxBoardStore\boards\Xilinx\vhk158\production\1.0\board.xml as part xcvh1582-vsva3697-2mp-e-s specified in board_part file is either invalid or not available
WARNING: [Board 49-26] cannot add Board Part xilinx.com:vhk158:part0:1.1 available at C:/Xilinx/2025.1/data/xhub/boards\XilinxBoardStore\boards\Xilinx\vhk158\production\1.1\board.xml as part xcvh1582-vsva3697-2mp-e-s specified in board_part file is either invalid or not available
WARNING: [Board 49-26] cannot add Board Part xilinx.com:vhk158:part0:1.2 available at C:/Xilinx/2025.1/data/xhub/boards\XilinxBoardStore\boards\Xilinx\vhk158\production\1.2\board.xml as part xcvh1582-vsva3697-2mp-e-s specified in board_part file is either invalid or not available
WARNING: [Board 49-26] cannot add Board Part xilinx.com:vpk180:part0:1.0 available at C:/Xilinx/2025.1/data/xhub/boards\XilinxBoardStore\boards\Xilinx\vpk180\production\1.0\board.xml as part xcvp1802-lsvc4072-2mp-e-s specified in board_part file is either invalid or not available
WARNING: [Board 49-26] cannot add Board Part xilinx.com:vpk180:part0:1.1 available at C:/Xilinx/2025.1/data/xhub/boards\XilinxBoardStore\boards\Xilinx\vpk180\production\1.1\board.xml as part xcvp1802-lsvc4072-2mp-e-s specified in board_part file is either invalid or not available
WARNING: [Board 49-26] cannot add Board Part xilinx.com:vpk180:part0:1.2 available at C:/Xilinx/2025.1/data/xhub/boards\XilinxBoardStore\boards\Xilinx\vpk180\production\1.2\board.xml as part xcvp1802-lsvc4072-2mp-e-s specified in board_part file is either invalid or not available
WARNING: [Board 49-26] cannot add Board Part xilinx.com:zcu111:part0:1.2 available at C:/Xilinx/2025.1/data/xhub/boards\XilinxBoardStore\boards\Xilinx\zcu111\1.2\board.xml as part xczu28dr-ffvg1517-2-e specified in board_part file is either invalid or not available
WARNING: [Board 49-26] cannot add Board Part xilinx.com:zcu111:part0:1.3 available at C:/Xilinx/2025.1/data/xhub/boards\XilinxBoardStore\boards\Xilinx\zcu111\1.3\board.xml as part xczu28dr-ffvg1517-2-e specified in board_part file is either invalid or not available
WARNING: [Board 49-26] cannot add Board Part xilinx.com:zcu111:part0:1.4 available at C:/Xilinx/2025.1/data/xhub/boards\XilinxBoardStore\boards\Xilinx\zcu111\1.4\board.xml as part xczu28dr-ffvg1517-2-e specified in board_part file is either invalid or not available
WARNING: [Board 49-26] cannot add Board Part xilinx.com:zcu1275:part0:1.0 available at C:/Xilinx/2025.1/data/xhub/boards\XilinxBoardStore\boards\Xilinx\zcu1275\1.0\board.xml as part xczu29dr-ffvf1760-2-e specified in board_part file is either invalid or not available
WARNING: [Board 49-26] cannot add Board Part xilinx.com:zcu1285:part0:1.0 available at C:/Xilinx/2025.1/data/xhub/boards\XilinxBoardStore\boards\Xilinx\zcu1285\1.0\board.xml as part xczu39dr-ffvf1760-2-i specified in board_part file is either invalid or not available
WARNING: [Board 49-26] cannot add Board Part xilinx.com:zcu208:part0:2.0 available at C:/Xilinx/2025.1/data/xhub/boards\XilinxBoardStore\boards\Xilinx\zcu208\production\2.0\board.xml as part xczu48dr-fsvg1517-2-e specified in board_part file is either invalid or not available
WARNING: [Board 49-26] cannot add Board Part xilinx.com:zcu208ld:part0:2.0 available at C:/Xilinx/2025.1/data/xhub/boards\XilinxBoardStore\boards\Xilinx\zcu208ld\production\2.0\board.xml as part xczu58dr-fsvg1517-2-i specified in board_part file is either invalid or not available
WARNING: [Board 49-26] cannot add Board Part xilinx.com:zcu216:part0:2.0 available at C:/Xilinx/2025.1/data/xhub/boards\XilinxBoardStore\boards\Xilinx\zcu216\production\2.0\board.xml as part xczu49dr-ffvf1760-2-e specified in board_part file is either invalid or not available
WARNING: [Board 49-26] cannot add Board Part xilinx.com:zcu216ld:part0:2.0 available at C:/Xilinx/2025.1/data/xhub/boards\XilinxBoardStore\boards\Xilinx\zcu216ld\production\2.0\board.xml as part xczu59dr-ffvf1760-2-i specified in board_part file is either invalid or not available
WARNING: [Board 49-26] cannot add Board Part xilinx.com:zcu670:part0:2.0 available at C:/Xilinx/2025.1/data/xhub/boards\XilinxBoardStore\boards\Xilinx\zcu670\2.0\board.xml as part xczu67dr-fsve1156-2-i specified in board_part file is either invalid or not available
WARNING: [Board 49-26] cannot add Board Part xilinx.com:zcu670ld:part0:1.0 available at C:/Xilinx/2025.1/data/xhub/boards\XilinxBoardStore\boards\Xilinx\zcu670ld\1.0\board.xml as part xczu57dr-fsve1156-2-i specified in board_part file is either invalid or not available
INFO: [filemgmt 56-3] Default IP Output Path : Could not find the directory 'C:/Users/osmya/Desktop/RiscV-CS/rv32i_single_cycle/rv32i_single_cycle.gen/sources_1'.
Scanning sources...
Finished scanning sources
WARNING: [Board 49-26] cannot add Board Part xilinx.com:kcu105:part0:1.6 available at C:/Xilinx/2025.1/data/xhub/boards\XilinxBoardStore\boards\Xilinx\kcu105\1.6\board.xml as part xcku040-ffva1156-2-e specified in board_part file is either invalid or not available
WARNING: [Board 49-26] cannot add Board Part xilinx.com:kcu105:part0:1.7 available at C:/Xilinx/2025.1/data/xhub/boards\XilinxBoardStore\boards\Xilinx\kcu105\1.7\board.xml as part xcku040-ffva1156-2-e specified in board_part file is either invalid or not available
WARNING: [Board 49-26] cannot add Board Part xilinx.com:vcu108:part0:1.6 available at C:/Xilinx/2025.1/data/xhub/boards\XilinxBoardStore\boards\Xilinx\vcu108\1.6\board.xml as part xcvu095-ffva2104-2-e specified in board_part file is either invalid or not available
WARNING: [Board 49-26] cannot add Board Part xilinx.com:vcu108:part0:1.7 available at C:/Xilinx/2025.1/data/xhub/boards\XilinxBoardStore\boards\Xilinx\vcu108\1.7\board.xml as part xcvu095-ffva2104-2-e specified in board_part file is either invalid or not available
WARNING: [Board 49-26] cannot add Board Part xilinx.com:vcu110:part0:1.4 available at C:/Xilinx/2025.1/data/xhub/boards\XilinxBoardStore\boards\Xilinx\vcu110\1.4\board.xml as part xcvu190-flgc2104-2-e specified in board_part file is either invalid or not available
WARNING: [Board 49-26] cannot add Board Part xilinx.com:vcu128:part0:1.0 available at C:/Xilinx/2025.1/data/xhub/boards\XilinxBoardStore\boards\Xilinx\vcu128\production\1.0\board.xml as part xcvu37p-fsvh2892-2l-e specified in board_part file is either invalid or not available
WARNING: [Board 49-26] cannot add Board Part xilinx.com:vcu129:part0:1.0 available at C:/Xilinx/2025.1/data/xhub/boards\XilinxBoardStore\boards\Xilinx\vcu129\production\1.0\board.xml as part xcvu29p-fsga2577-2l-e specified in board_part file is either invalid or not available
WARNING: [Board 49-26] cannot add Board Part xilinx.com:vek280:part0:1.0 available at C:/Xilinx/2025.1/data/xhub/boards\XilinxBoardStore\boards\Xilinx\vek280\production\1.0\board.xml as part xcve2802-vsvh1760-2mp-e-s specified in board_part file is either invalid or not available
WARNING: [Board 49-26] cannot add Board Part xilinx.com:vek280:part0:1.1 available at C:/Xilinx/2025.1/data/xhub/boards\XilinxBoardStore\boards\Xilinx\vek280\production\1.1\board.xml as part xcve2802-vsvh1760-2mp-e-s specified in board_part file is either invalid or not available
WARNING: [Board 49-26] cannot add Board Part xilinx.com:vek280:part0:1.2 available at C:/Xilinx/2025.1/data/xhub/boards\XilinxBoardStore\boards\Xilinx\vek280\production\1.2\board.xml as part xcve2802-vsvh1760-2mp-e-s specified in board_part file is either invalid or not available
WARNING: [Board 49-26] cannot add Board Part xilinx.com:vek385:part0:1.0 available at C:/Xilinx/2025.1/data/xhub/boards\XilinxBoardStore\boards\Xilinx\vek385\1.0\board.xml as part xc2ve3858-ssva2112-2mp-e-s specified in board_part file is either invalid or not available
WARNING: [Board 49-26] cannot add Board Part xilinx.com:vermeo_t1_rfsoc:part0:1.0 available at C:/Xilinx/2025.1/data/xhub/boards\XilinxBoardStore\boards\Xilinx\vermeo_t1_rfsoc\1.0\board.xml as part xczu21dr-ffvd1156-2l-e specified in board_part file is either invalid or not available
WARNING: [Board 49-26] cannot add Board Part xilinx.com:vhk158:part0:1.0 available at C:/Xilinx/2025.1/data/xhub/boards\XilinxBoardStore\boards\Xilinx\vhk158\production\1.0\board.xml as part xcvh1582-vsva3697-2mp-e-s specified in board_part file is either invalid or not available
WARNING: [Board 49-26] cannot add Board Part xilinx.com:vhk158:part0:1.1 available at C:/Xilinx/2025.1/data/xhub/boards\XilinxBoardStore\boards\Xilinx\vhk158\production\1.1\board.xml as part xcvh1582-vsva3697-2mp-e-s specified in board_part file is either invalid or not available
WARNING: [Board 49-26] cannot add Board Part xilinx.com:vhk158:part0:1.2 available at C:/Xilinx/2025.1/data/xhub/boards\XilinxBoardStore\boards\Xilinx\vhk158\production\1.2\board.xml as part xcvh1582-vsva3697-2mp-e-s specified in board_part file is either invalid or not available
WARNING: [Board 49-26] cannot add Board Part xilinx.com:vpk180:part0:1.0 available at C:/Xilinx/2025.1/data/xhub/boards\XilinxBoardStore\boards\Xilinx\vpk180\production\1.0\board.xml as part xcvp1802-lsvc4072-2mp-e-s specified in board_part file is either invalid or not available
WARNING: [Board 49-26] cannot add Board Part xilinx.com:vpk180:part0:1.1 available at C:/Xilinx/2025.1/data/xhub/boards\XilinxBoardStore\boards\Xilinx\vpk180\production\1.1\board.xml as part xcvp1802-lsvc4072-2mp-e-s specified in board_part file is either invalid or not available
WARNING: [Board 49-26] cannot add Board Part xilinx.com:vpk180:part0:1.2 available at C:/Xilinx/2025.1/data/xhub/boards\XilinxBoardStore\boards\Xilinx\vpk180\production\1.2\board.xml as part xcvp1802-lsvc4072-2mp-e-s specified in board_part file is either invalid or not available
WARNING: [Board 49-26] cannot add Board Part xilinx.com:zcu111:part0:1.2 available at C:/Xilinx/2025.1/data/xhub/boards\XilinxBoardStore\boards\Xilinx\zcu111\1.2\board.xml as part xczu28dr-ffvg1517-2-e specified in board_part file is either invalid or not available
WARNING: [Board 49-26] cannot add Board Part xilinx.com:zcu111:part0:1.3 available at C:/Xilinx/2025.1/data/xhub/boards\XilinxBoardStore\boards\Xilinx\zcu111\1.3\board.xml as part xczu28dr-ffvg1517-2-e specified in board_part file is either invalid or not available
WARNING: [Board 49-26] cannot add Board Part xilinx.com:zcu111:part0:1.4 available at C:/Xilinx/2025.1/data/xhub/boards\XilinxBoardStore\boards\Xilinx\zcu111\1.4\board.xml as part xczu28dr-ffvg1517-2-e specified in board_part file is either invalid or not available
WARNING: [Board 49-26] cannot add Board Part xilinx.com:zcu1275:part0:1.0 available at C:/Xilinx/2025.1/data/xhub/boards\XilinxBoardStore\boards\Xilinx\zcu1275\1.0\board.xml as part xczu29dr-ffvf1760-2-e specified in board_part file is either invalid or not available
WARNING: [Board 49-26] cannot add Board Part xilinx.com:zcu1285:part0:1.0 available at C:/Xilinx/2025.1/data/xhub/boards\XilinxBoardStore\boards\Xilinx\zcu1285\1.0\board.xml as part xczu39dr-ffvf1760-2-i specified in board_part file is either invalid or not available
WARNING: [Board 49-26] cannot add Board Part xilinx.com:zcu208:part0:2.0 available at C:/Xilinx/2025.1/data/xhub/boards\XilinxBoardStore\boards\Xilinx\zcu208\production\2.0\board.xml as part xczu48dr-fsvg1517-2-e specified in board_part file is either invalid or not available
WARNING: [Board 49-26] cannot add Board Part xilinx.com:zcu208ld:part0:2.0 available at C:/Xilinx/2025.1/data/xhub/boards\XilinxBoardStore\boards\Xilinx\zcu208ld\production\2.0\board.xml as part xczu58dr-fsvg1517-2-i specified in board_part file is either invalid or not available
WARNING: [Board 49-26] cannot add Board Part xilinx.com:zcu216:part0:2.0 available at C:/Xilinx/2025.1/data/xhub/boards\XilinxBoardStore\boards\Xilinx\zcu216\production\2.0\board.xml as part xczu49dr-ffvf1760-2-e specified in board_part file is either invalid or not available
WARNING: [Board 49-26] cannot add Board Part xilinx.com:zcu216ld:part0:2.0 available at C:/Xilinx/2025.1/data/xhub/boards\XilinxBoardStore\boards\Xilinx\zcu216ld\production\2.0\board.xml as part xczu59dr-ffvf1760-2-i specified in board_part file is either invalid or not available
WARNING: [Board 49-26] cannot add Board Part xilinx.com:zcu670:part0:2.0 available at C:/Xilinx/2025.1/data/xhub/boards\XilinxBoardStore\boards\Xilinx\zcu670\2.0\board.xml as part xczu67dr-fsve1156-2-i specified in board_part file is either invalid or not available
WARNING: [Board 49-26] cannot add Board Part xilinx.com:zcu670ld:part0:1.0 available at C:/Xilinx/2025.1/data/xhub/boards\XilinxBoardStore\boards\Xilinx\zcu670ld\1.0\board.xml as part xczu57dr-fsve1156-2-i specified in board_part file is either invalid or not available
WARNING: [Project 1-5713] Board part '' set for the project  is not found. BoardPart property will be unset. Please select board from latest repo build 
INFO: [IP_Flow 19-234] Refreshing IP repositories
INFO: [IP_Flow 19-1704] No user IP repositories specified
INFO: [IP_Flow 19-2313] Loaded Vivado IP repository 'C:/Xilinx/2025.1/Vivado/data/ip'.
open_project: Time (s): cpu = 00:00:13 ; elapsed = 00:00:07 . Memory (MB): peak = 1821.293 ; gain = 258.750
update_compile_order -fileset sources_1
WARNING: [filemgmt 56-199] Attempt to get parsing info during refresh. "On-the-fly" syntax checking information may be incorrect. [C:\Users\osmya\Desktop\RiscV-CS\rv32i_single_cycle\rv32i_single_cycle.srcs\sources_1\new\control_unit.sv:]
WARNING: [filemgmt 56-199] Attempt to get parsing info during refresh. "On-the-fly" syntax checking information may be incorrect. [C:\Users\osmya\Desktop\RiscV-CS\rv32i_single_cycle\rv32i_single_cycle.srcs\sources_1\new\cpu.sv:]
WARNING: [filemgmt 56-199] Attempt to get parsing info during refresh. "On-the-fly" syntax checking information may be incorrect. [C:\Users\osmya\Desktop\RiscV-CS\rv32i_single_cycle\rv32i_single_cycle.srcs\sim_1\new\tb_alu.sv:]
WARNING: [filemgmt 56-199] Attempt to get parsing info during refresh. "On-the-fly" syntax checking information may be incorrect. [C:\Users\osmya\Desktop\RiscV-CS\rv32i_single_cycle\rv32i_single_cycle.srcs\sources_1\new\cpu.sv:]
WARNING: [filemgmt 56-199] Attempt to get parsing info during refresh. "On-the-fly" syntax checking information may be incorrect. [C:\Users\osmya\Desktop\RiscV-CS\rv32i_single_cycle\rv32i_single_cycle.srcs\sources_1\new\cpu.sv:]
WARNING: [filemgmt 56-199] Attempt to get parsing info during refresh. "On-the-fly" syntax checking information may be incorrect. [C:\Users\osmya\Desktop\RiscV-CS\rv32i_single_cycle\rv32i_single_cycle.srcs\sources_1\new\control_unit.sv:]
WARNING: [filemgmt 56-199] Attempt to get parsing info during refresh. "On-the-fly" syntax checking information may be incorrect. [C:\Users\osmya\Desktop\RiscV-CS\rv32i_single_cycle\rv32i_single_cycle.srcs\sources_1\new\cpu.sv:]
WARNING: [filemgmt 56-199] Attempt to get parsing info during refresh. "On-the-fly" syntax checking information may be incorrect. [C:\Users\osmya\Desktop\RiscV-CS\rv32i_single_cycle\rv32i_single_cycle.srcs\sim_1\new\tb_alu.sv:]
WARNING: [filemgmt 56-199] Attempt to get parsing info during refresh. "On-the-fly" syntax checking information may be incorrect. [C:\Users\osmya\Desktop\RiscV-CS\rv32i_single_cycle\rv32i_single_cycle.srcs\sim_1\new\tb_alu.sv:]
WARNING: [filemgmt 56-199] Attempt to get parsing info during refresh. "On-the-fly" syntax checking information may be incorrect. [C:\Users\osmya\Desktop\RiscV-CS\rv32i_single_cycle\rv32i_single_cycle.srcs\sim_1\new\tb_alu.sv:]
WARNING: [filemgmt 56-199] Attempt to get parsing info during refresh. "On-the-fly" syntax checking information may be incorrect. [C:\Users\osmya\Desktop\RiscV-CS\rv32i_single_cycle\rv32i_single_cycle.srcs\sources_1\new\control_unit.sv:]
WARNING: [filemgmt 56-199] Attempt to get parsing info during refresh. "On-the-fly" syntax checking information may be incorrect. [C:\Users\osmya\Desktop\RiscV-CS\rv32i_single_cycle\rv32i_single_cycle.srcs\sources_1\new\cpu.sv:]
WARNING: [filemgmt 56-199] Attempt to get parsing info during refresh. "On-the-fly" syntax checking information may be incorrect. [C:\Users\osmya\Desktop\RiscV-CS\rv32i_single_cycle\rv32i_single_cycle.srcs\sim_1\new\tb_alu.sv:]
WARNING: [filemgmt 56-199] Attempt to get parsing info during refresh. "On-the-fly" syntax checking information may be incorrect. [C:\Users\osmya\Desktop\RiscV-CS\rv32i_single_cycle\rv32i_single_cycle.srcs\sources_1\new\cpu.sv:]
WARNING: [filemgmt 56-199] Attempt to get parsing info during refresh. "On-the-fly" syntax checking information may be incorrect. [C:\Users\osmya\Desktop\RiscV-CS\rv32i_single_cycle\rv32i_single_cycle.srcs\sources_1\new\cpu.sv:]
WARNING: [filemgmt 56-199] Attempt to get parsing info during refresh. "On-the-fly" syntax checking information may be incorrect. [C:\Users\osmya\Desktop\RiscV-CS\rv32i_single_cycle\rv32i_single_cycle.srcs\sources_1\new\control_unit.sv:]
WARNING: [filemgmt 56-199] Attempt to get parsing info during refresh. "On-the-fly" syntax checking information may be incorrect. [C:\Users\osmya\Desktop\RiscV-CS\rv32i_single_cycle\rv32i_single_cycle.srcs\sources_1\new\cpu.sv:]
WARNING: [filemgmt 56-199] Attempt to get parsing info during refresh. "On-the-fly" syntax checking information may be incorrect. [C:\Users\osmya\Desktop\RiscV-CS\rv32i_single_cycle\rv32i_single_cycle.srcs\sim_1\new\tb_alu.sv:]
WARNING: [filemgmt 56-199] Attempt to get parsing info during refresh. "On-the-fly" syntax checking information may be incorrect. [C:\Users\osmya\Desktop\RiscV-CS\rv32i_single_cycle\rv32i_single_cycle.srcs\sources_1\new\control_unit.sv:]
WARNING: [filemgmt 56-199] Attempt to get parsing info during refresh. "On-the-fly" syntax checking information may be incorrect. [C:\Users\osmya\Desktop\RiscV-CS\rv32i_single_cycle\rv32i_single_cycle.srcs\sources_1\new\control_unit.sv:]
WARNING: [filemgmt 56-199] Attempt to get parsing info during refresh. "On-the-fly" syntax checking information may be incorrect. [C:\Users\osmya\Desktop\RiscV-CS\rv32i_single_cycle\rv32i_single_cycle.srcs\sources_1\new\control_unit.sv:]
WARNING: [filemgmt 56-199] Attempt to get parsing info during refresh. "On-the-fly" syntax checking information may be incorrect. [C:\Users\osmya\Desktop\RiscV-CS\rv32i_single_cycle\rv32i_single_cycle.srcs\sources_1\new\cpu.sv:]
WARNING: [filemgmt 56-199] Attempt to get parsing info during refresh. "On-the-fly" syntax checking information may be incorrect. [C:\Users\osmya\Desktop\RiscV-CS\rv32i_single_cycle\rv32i_single_cycle.srcs\sim_1\new\tb_alu.sv:]
WARNING: [filemgmt 56-199] Attempt to get parsing info during refresh. "On-the-fly" syntax checking information may be incorrect. [C:\Users\osmya\Desktop\RiscV-CS\rv32i_single_cycle\rv32i_single_cycle.srcs\sources_1\new\cpu.sv:]
WARNING: [filemgmt 56-199] Attempt to get parsing info during refresh. "On-the-fly" syntax checking information may be incorrect. [C:\Users\osmya\Desktop\RiscV-CS\rv32i_single_cycle\rv32i_single_cycle.srcs\sources_1\new\cpu.sv:]
WARNING: [filemgmt 56-199] Attempt to get parsing info during refresh. "On-the-fly" syntax checking information may be incorrect. [C:\Users\osmya\Desktop\RiscV-CS\rv32i_single_cycle\rv32i_single_cycle.srcs\sources_1\new\control_unit.sv:]
WARNING: [filemgmt 56-199] Attempt to get parsing info during refresh. "On-the-fly" syntax checking information may be incorrect. [C:\Users\osmya\Desktop\RiscV-CS\rv32i_single_cycle\rv32i_single_cycle.srcs\sources_1\new\cpu.sv:]
WARNING: [filemgmt 56-199] Attempt to get parsing info during refresh. "On-the-fly" syntax checking information may be incorrect. [C:\Users\osmya\Desktop\RiscV-CS\rv32i_single_cycle\rv32i_single_cycle.srcs\sim_1\new\tb_alu.sv:]
WARNING: [filemgmt 56-199] Attempt to get parsing info during refresh. "On-the-fly" syntax checking information may be incorrect. [C:\Users\osmya\Desktop\RiscV-CS\rv32i_single_cycle\rv32i_single_cycle.srcs\sim_1\new\tb_alu.sv:]
WARNING: [filemgmt 56-199] Attempt to get parsing info during refresh. "On-the-fly" syntax checking information may be incorrect. [C:\Users\osmya\Desktop\RiscV-CS\rv32i_single_cycle\rv32i_single_cycle.srcs\sim_1\new\tb_alu.sv:]
WARNING: [filemgmt 56-199] Attempt to get parsing info during refresh. "On-the-fly" syntax checking information may be incorrect. [C:\Users\osmya\Desktop\RiscV-CS\rv32i_single_cycle\rv32i_single_cycle.srcs\sources_1\new\control_unit.sv:]
WARNING: [filemgmt 56-199] Attempt to get parsing info during refresh. "On-the-fly" syntax checking information may be incorrect. [C:\Users\osmya\Desktop\RiscV-CS\rv32i_single_cycle\rv32i_single_cycle.srcs\sources_1\new\cpu.sv:]
WARNING: [filemgmt 56-199] Attempt to get parsing info during refresh. "On-the-fly" syntax checking information may be incorrect. [C:\Users\osmya\Desktop\RiscV-CS\rv32i_single_cycle\rv32i_single_cycle.srcs\sim_1\new\tb_alu.sv:]
WARNING: [filemgmt 56-199] Attempt to get parsing info during refresh. "On-the-fly" syntax checking information may be incorrect. [C:\Users\osmya\Desktop\RiscV-CS\rv32i_single_cycle\rv32i_single_cycle.srcs\sources_1\new\cpu.sv:]
WARNING: [filemgmt 56-199] Attempt to get parsing info during refresh. "On-the-fly" syntax checking information may be incorrect. [C:\Users\osmya\Desktop\RiscV-CS\rv32i_single_cycle\rv32i_single_cycle.srcs\sources_1\new\cpu.sv:]
WARNING: [filemgmt 56-199] Attempt to get parsing info during refresh. "On-the-fly" syntax checking information may be incorrect. [C:\Users\osmya\Desktop\RiscV-CS\rv32i_single_cycle\rv32i_single_cycle.srcs\sources_1\new\control_unit.sv:]
WARNING: [filemgmt 56-199] Attempt to get parsing info during refresh. "On-the-fly" syntax checking information may be incorrect. [C:\Users\osmya\Desktop\RiscV-CS\rv32i_single_cycle\rv32i_single_cycle.srcs\sources_1\new\cpu.sv:]
WARNING: [filemgmt 56-199] Attempt to get parsing info during refresh. "On-the-fly" syntax checking information may be incorrect. [C:\Users\osmya\Desktop\RiscV-CS\rv32i_single_cycle\rv32i_single_cycle.srcs\sim_1\new\tb_alu.sv:]
WARNING: [filemgmt 56-199] Attempt to get parsing info during refresh. "On-the-fly" syntax checking information may be incorrect. [C:\Users\osmya\Desktop\RiscV-CS\rv32i_single_cycle\rv32i_single_cycle.srcs\sim_1\new\tb_alu.sv:]
WARNING: [filemgmt 56-199] Attempt to get parsing info during refresh. "On-the-fly" syntax checking information may be incorrect. [C:\Users\osmya\Desktop\RiscV-CS\rv32i_single_cycle\rv32i_single_cycle.srcs\sim_1\new\tb_alu.sv:]
ERROR: [Common 17-180] Spawn failed: The operation completed successfully.

WARNING: [filemgmt 56-199] Attempt to get parsing info during refresh. "On-the-fly" syntax checking information may be incorrect. [C:\Users\osmya\Desktop\RiscV-CS\rv32i_single_cycle\rv32i_single_cycle.srcs\sources_1\new\control_unit.sv:]
WARNING: [filemgmt 56-199] Attempt to get parsing info during refresh. "On-the-fly" syntax checking information may be incorrect. [C:\Users\osmya\Desktop\RiscV-CS\rv32i_single_cycle\rv32i_single_cycle.srcs\sources_1\new\cpu.sv:]
WARNING: [filemgmt 56-199] Attempt to get parsing info during refresh. "On-the-fly" syntax checking information may be incorrect. [C:\Users\osmya\Desktop\RiscV-CS\rv32i_single_cycle\rv32i_single_cycle.srcs\sim_1\new\tb_alu.sv:]
WARNING: [filemgmt 56-199] Attempt to get parsing info during refresh. "On-the-fly" syntax checking information may be incorrect. [C:\Users\osmya\Desktop\RiscV-CS\rv32i_single_cycle\rv32i_single_cycle.srcs\sources_1\new\cpu.sv:]
WARNING: [filemgmt 56-199] Attempt to get parsing info during refresh. "On-the-fly" syntax checking information may be incorrect. [C:\Users\osmya\Desktop\RiscV-CS\rv32i_single_cycle\rv32i_single_cycle.srcs\sources_1\new\cpu.sv:]
WARNING: [filemgmt 56-199] Attempt to get parsing info during refresh. "On-the-fly" syntax checking information may be incorrect. [C:\Users\osmya\Desktop\RiscV-CS\rv32i_single_cycle\rv32i_single_cycle.srcs\sources_1\new\control_unit.sv:]
WARNING: [filemgmt 56-199] Attempt to get parsing info during refresh. "On-the-fly" syntax checking information may be incorrect. [C:\Users\osmya\Desktop\RiscV-CS\rv32i_single_cycle\rv32i_single_cycle.srcs\sources_1\new\cpu.sv:]
WARNING: [filemgmt 56-199] Attempt to get parsing info during refresh. "On-the-fly" syntax checking information may be incorrect. [C:\Users\osmya\Desktop\RiscV-CS\rv32i_single_cycle\rv32i_single_cycle.srcs\sim_1\new\tb_alu.sv:]
WARNING: [filemgmt 56-199] Attempt to get parsing info during refresh. "On-the-fly" syntax checking information may be incorrect. [C:\Users\osmya\Desktop\RiscV-CS\rv32i_single_cycle\rv32i_single_cycle.srcs\sources_1\new\cpu.sv:]
WARNING: [filemgmt 56-199] Attempt to get parsing info during refresh. "On-the-fly" syntax checking information may be incorrect. [C:\Users\osmya\Desktop\RiscV-CS\rv32i_single_cycle\rv32i_single_cycle.srcs\sources_1\new\cpu.sv:]
WARNING: [filemgmt 56-199] Attempt to get parsing info during refresh. "On-the-fly" syntax checking information may be incorrect. [C:\Users\osmya\Desktop\RiscV-CS\rv32i_single_cycle\rv32i_single_cycle.srcs\sources_1\new\control_unit.sv:]
WARNING: [filemgmt 56-199] Attempt to get parsing info during refresh. "On-the-fly" syntax checking information may be incorrect. [C:\Users\osmya\Desktop\RiscV-CS\rv32i_single_cycle\rv32i_single_cycle.srcs\sources_1\new\cpu.sv:]
WARNING: [filemgmt 56-199] Attempt to get parsing info during refresh. "On-the-fly" syntax checking information may be incorrect. [C:\Users\osmya\Desktop\RiscV-CS\rv32i_single_cycle\rv32i_single_cycle.srcs\sim_1\new\tb_alu.sv:]
WARNING: [filemgmt 56-199] Attempt to get parsing info during refresh. "On-the-fly" syntax checking information may be incorrect. [C:\Users\osmya\Desktop\RiscV-CS\rv32i_single_cycle\rv32i_single_cycle.srcs\sources_1\new\control_unit.sv:]
WARNING: [filemgmt 56-199] Attempt to get parsing info during refresh. "On-the-fly" syntax checking information may be incorrect. [C:\Users\osmya\Desktop\RiscV-CS\rv32i_single_cycle\rv32i_single_cycle.srcs\sources_1\new\control_unit.sv:]
WARNING: [filemgmt 56-199] Attempt to get parsing info during refresh. "On-the-fly" syntax checking information may be incorrect. [C:\Users\osmya\Desktop\RiscV-CS\rv32i_single_cycle\rv32i_single_cycle.srcs\sources_1\new\control_unit.sv:]
WARNING: [filemgmt 56-199] Attempt to get parsing info during refresh. "On-the-fly" syntax checking information may be incorrect. [C:\Users\osmya\Desktop\RiscV-CS\rv32i_single_cycle\rv32i_single_cycle.srcs\sources_1\new\cpu.sv:]
WARNING: [filemgmt 56-199] Attempt to get parsing info during refresh. "On-the-fly" syntax checking information may be incorrect. [C:\Users\osmya\Desktop\RiscV-CS\rv32i_single_cycle\rv32i_single_cycle.srcs\sim_1\new\tb_alu.sv:]
WARNING: [filemgmt 56-199] Attempt to get parsing info during refresh. "On-the-fly" syntax checking information may be incorrect. [C:\Users\osmya\Desktop\RiscV-CS\rv32i_single_cycle\rv32i_single_cycle.srcs\sim_1\new\tb_alu.sv:]
WARNING: [filemgmt 56-199] Attempt to get parsing info during refresh. "On-the-fly" syntax checking information may be incorrect. [C:\Users\osmya\Desktop\RiscV-CS\rv32i_single_cycle\rv32i_single_cycle.srcs\sim_1\new\tb_alu.sv:]
WARNING: [filemgmt 56-199] Attempt to get parsing info during refresh. "On-the-fly" syntax checking information may be incorrect. [C:\Users\osmya\Desktop\RiscV-CS\rv32i_single_cycle\rv32i_single_cycle.srcs\sources_1\new\control_unit.sv:]
WARNING: [filemgmt 56-199] Attempt to get parsing info during refresh. "On-the-fly" syntax checking information may be incorrect. [C:\Users\osmya\Desktop\RiscV-CS\rv32i_single_cycle\rv32i_single_cycle.srcs\sources_1\new\cpu.sv:]
WARNING: [filemgmt 56-199] Attempt to get parsing info during refresh. "On-the-fly" syntax checking information may be incorrect. [C:\Users\osmya\Desktop\RiscV-CS\rv32i_single_cycle\rv32i_single_cycle.srcs\sim_1\new\tb_alu.sv:]
WARNING: [filemgmt 56-199] Attempt to get parsing info during refresh. "On-the-fly" syntax checking information may be incorrect. [C:\Users\osmya\Desktop\RiscV-CS\rv32i_single_cycle\rv32i_single_cycle.srcs\sources_1\new\cpu.sv:]
WARNING: [filemgmt 56-199] Attempt to get parsing info during refresh. "On-the-fly" syntax checking information may be incorrect. [C:\Users\osmya\Desktop\RiscV-CS\rv32i_single_cycle\rv32i_single_cycle.srcs\sources_1\new\cpu.sv:]
WARNING: [filemgmt 56-199] Attempt to get parsing info during refresh. "On-the-fly" syntax checking information may be incorrect. [C:\Users\osmya\Desktop\RiscV-CS\rv32i_single_cycle\rv32i_single_cycle.srcs\sources_1\new\control_unit.sv:]
WARNING: [filemgmt 56-199] Attempt to get parsing info during refresh. "On-the-fly" syntax checking information may be incorrect. [C:\Users\osmya\Desktop\RiscV-CS\rv32i_single_cycle\rv32i_single_cycle.srcs\sources_1\new\cpu.sv:]
WARNING: [filemgmt 56-199] Attempt to get parsing info during refresh. "On-the-fly" syntax checking information may be incorrect. [C:\Users\osmya\Desktop\RiscV-CS\rv32i_single_cycle\rv32i_single_cycle.srcs\sim_1\new\tb_alu.sv:]
WARNING: [filemgmt 56-199] Attempt to get parsing info during refresh. "On-the-fly" syntax checking information may be incorrect. [C:\Users\osmya\Desktop\RiscV-CS\rv32i_single_cycle\rv32i_single_cycle.srcs\sim_1\new\tb_alu.sv:]
WARNING: [filemgmt 56-199] Attempt to get parsing info during refresh. "On-the-fly" syntax checking information may be incorrect. [C:\Users\osmya\Desktop\RiscV-CS\rv32i_single_cycle\rv32i_single_cycle.srcs\sim_1\new\tb_alu.sv:]
WARNING: [filemgmt 56-199] Attempt to get parsing info during refresh. "On-the-fly" syntax checking information may be incorrect. [C:\Users\osmya\Desktop\RiscV-CS\rv32i_single_cycle\rv32i_single_cycle.srcs\sources_1\new\control_unit.sv:]
WARNING: [filemgmt 56-199] Attempt to get parsing info during refresh. "On-the-fly" syntax checking information may be incorrect. [C:\Users\osmya\Desktop\RiscV-CS\rv32i_single_cycle\rv32i_single_cycle.srcs\sources_1\new\cpu.sv:]
WARNING: [filemgmt 56-199] Attempt to get parsing info during refresh. "On-the-fly" syntax checking information may be incorrect. [C:\Users\osmya\Desktop\RiscV-CS\rv32i_single_cycle\rv32i_single_cycle.srcs\sim_1\new\tb_alu.sv:]
WARNING: [filemgmt 56-199] Attempt to get parsing info during refresh. "On-the-fly" syntax checking information may be incorrect. [C:\Users\osmya\Desktop\RiscV-CS\rv32i_single_cycle\rv32i_single_cycle.srcs\sources_1\new\cpu.sv:]
WARNING: [filemgmt 56-199] Attempt to get parsing info during refresh. "On-the-fly" syntax checking information may be incorrect. [C:\Users\osmya\Desktop\RiscV-CS\rv32i_single_cycle\rv32i_single_cycle.srcs\sources_1\new\cpu.sv:]
WARNING: [filemgmt 56-199] Attempt to get parsing info during refresh. "On-the-fly" syntax checking information may be incorrect. [C:\Users\osmya\Desktop\RiscV-CS\rv32i_single_cycle\rv32i_single_cycle.srcs\sources_1\new\control_unit.sv:]
WARNING: [filemgmt 56-199] Attempt to get parsing info during refresh. "On-the-fly" syntax checking information may be incorrect. [C:\Users\osmya\Desktop\RiscV-CS\rv32i_single_cycle\rv32i_single_cycle.srcs\sources_1\new\cpu.sv:]
WARNING: [filemgmt 56-199] Attempt to get parsing info during refresh. "On-the-fly" syntax checking information may be incorrect. [C:\Users\osmya\Desktop\RiscV-CS\rv32i_single_cycle\rv32i_single_cycle.srcs\sim_1\new\tb_alu.sv:]
WARNING: [filemgmt 56-199] Attempt to get parsing info during refresh. "On-the-fly" syntax checking information may be incorrect. [C:\Users\osmya\Desktop\RiscV-CS\rv32i_single_cycle\rv32i_single_cycle.srcs\sim_1\new\tb_alu.sv:]
WARNING: [filemgmt 56-199] Attempt to get parsing info during refresh. "On-the-fly" syntax checking information may be incorrect. [C:\Users\osmya\Desktop\RiscV-CS\rv32i_single_cycle\rv32i_single_cycle.srcs\sim_1\new\tb_alu.sv:]
WARNING: [filemgmt 56-199] Attempt to get parsing info during refresh. "On-the-fly" syntax checking information may be incorrect. [C:\Users\osmya\Desktop\RiscV-CS\rv32i_single_cycle\rv32i_single_cycle.srcs\sources_1\new\control_unit.sv:]
WARNING: [filemgmt 56-199] Attempt to get parsing info during refresh. "On-the-fly" syntax checking information may be incorrect. [C:\Users\osmya\Desktop\RiscV-CS\rv32i_single_cycle\rv32i_single_cycle.srcs\sources_1\new\cpu.sv:]
WARNING: [filemgmt 56-199] Attempt to get parsing info during refresh. "On-the-fly" syntax checking information may be incorrect. [C:\Users\osmya\Desktop\RiscV-CS\rv32i_single_cycle\rv32i_single_cycle.srcs\sim_1\new\tb_alu.sv:]
WARNING: [filemgmt 56-199] Attempt to get parsing info during refresh. "On-the-fly" syntax checking information may be incorrect. [C:\Users\osmya\Desktop\RiscV-CS\rv32i_single_cycle\rv32i_single_cycle.srcs\sources_1\new\control_unit.sv:]
WARNING: [filemgmt 56-199] Attempt to get parsing info during refresh. "On-the-fly" syntax checking information may be incorrect. [C:\Users\osmya\Desktop\RiscV-CS\rv32i_single_cycle\rv32i_single_cycle.srcs\sources_1\new\control_unit.sv:]
WARNING: [filemgmt 56-199] Attempt to get parsing info during refresh. "On-the-fly" syntax checking information may be incorrect. [C:\Users\osmya\Desktop\RiscV-CS\rv32i_single_cycle\rv32i_single_cycle.srcs\sources_1\new\control_unit.sv:]
WARNING: [filemgmt 56-199] Attempt to get parsing info during refresh. "On-the-fly" syntax checking information may be incorrect. [C:\Users\osmya\Desktop\RiscV-CS\rv32i_single_cycle\rv32i_single_cycle.srcs\sources_1\new\cpu.sv:]
WARNING: [filemgmt 56-199] Attempt to get parsing info during refresh. "On-the-fly" syntax checking information may be incorrect. [C:\Users\osmya\Desktop\RiscV-CS\rv32i_single_cycle\rv32i_single_cycle.srcs\sim_1\new\tb_alu.sv:]
WARNING: [filemgmt 56-199] Attempt to get parsing info during refresh. "On-the-fly" syntax checking information may be incorrect. [C:\Users\osmya\Desktop\RiscV-CS\rv32i_single_cycle\rv32i_single_cycle.srcs\sources_1\new\control_unit.sv:]
WARNING: [filemgmt 56-199] Attempt to get parsing info during refresh. "On-the-fly" syntax checking information may be incorrect. [C:\Users\osmya\Desktop\RiscV-CS\rv32i_single_cycle\rv32i_single_cycle.srcs\sources_1\new\control_unit.sv:]
WARNING: [filemgmt 56-199] Attempt to get parsing info during refresh. "On-the-fly" syntax checking information may be incorrect. [C:\Users\osmya\Desktop\RiscV-CS\rv32i_single_cycle\rv32i_single_cycle.srcs\sources_1\new\control_unit.sv:]
WARNING: [filemgmt 56-199] Attempt to get parsing info during refresh. "On-the-fly" syntax checking information may be incorrect. [C:\Users\osmya\Desktop\RiscV-CS\rv32i_single_cycle\rv32i_single_cycle.srcs\sources_1\new\cpu.sv:]
WARNING: [filemgmt 56-199] Attempt to get parsing info during refresh. "On-the-fly" syntax checking information may be incorrect. [C:\Users\osmya\Desktop\RiscV-CS\rv32i_single_cycle\rv32i_single_cycle.srcs\sim_1\new\tb_alu.sv:]
WARNING: [filemgmt 56-199] Attempt to get parsing info during refresh. "On-the-fly" syntax checking information may be incorrect. [C:\Users\osmya\Desktop\RiscV-CS\rv32i_single_cycle\rv32i_single_cycle.srcs\sim_1\new\tb_alu.sv:]
WARNING: [filemgmt 56-199] Attempt to get parsing info during refresh. "On-the-fly" syntax checking information may be incorrect. [C:\Users\osmya\Desktop\RiscV-CS\rv32i_single_cycle\rv32i_single_cycle.srcs\sim_1\new\tb_alu.sv:]
ERROR: [Common 17-180] Spawn failed: The operation completed successfully.

WARNING: [filemgmt 56-199] Attempt to get parsing info during refresh. "On-the-fly" syntax checking information may be incorrect. [C:\Users\osmya\Desktop\RiscV-CS\rv32i_single_cycle\rv32i_single_cycle.srcs\sources_1\new\control_unit.sv:]
WARNING: [filemgmt 56-199] Attempt to get parsing info during refresh. "On-the-fly" syntax checking information may be incorrect. [C:\Users\osmya\Desktop\RiscV-CS\rv32i_single_cycle\rv32i_single_cycle.srcs\sources_1\new\cpu.sv:]
WARNING: [filemgmt 56-199] Attempt to get parsing info during refresh. "On-the-fly" syntax checking information may be incorrect. [C:\Users\osmya\Desktop\RiscV-CS\rv32i_single_cycle\rv32i_single_cycle.srcs\sim_1\new\tb_alu.sv:]
WARNING: [filemgmt 56-199] Attempt to get parsing info during refresh. "On-the-fly" syntax checking information may be incorrect. [C:\Users\osmya\Desktop\RiscV-CS\rv32i_single_cycle\rv32i_single_cycle.srcs\sources_1\new\control_unit.sv:]
WARNING: [filemgmt 56-199] Attempt to get parsing info during refresh. "On-the-fly" syntax checking information may be incorrect. [C:\Users\osmya\Desktop\RiscV-CS\rv32i_single_cycle\rv32i_single_cycle.srcs\sources_1\new\control_unit.sv:]
WARNING: [filemgmt 56-199] Attempt to get parsing info during refresh. "On-the-fly" syntax checking information may be incorrect. [C:\Users\osmya\Desktop\RiscV-CS\rv32i_single_cycle\rv32i_single_cycle.srcs\sources_1\new\control_unit.sv:]
WARNING: [filemgmt 56-199] Attempt to get parsing info during refresh. "On-the-fly" syntax checking information may be incorrect. [C:\Users\osmya\Desktop\RiscV-CS\rv32i_single_cycle\rv32i_single_cycle.srcs\sources_1\new\cpu.sv:]
WARNING: [filemgmt 56-199] Attempt to get parsing info during refresh. "On-the-fly" syntax checking information may be incorrect. [C:\Users\osmya\Desktop\RiscV-CS\rv32i_single_cycle\rv32i_single_cycle.srcs\sim_1\new\tb_alu.sv:]
WARNING: [filemgmt 56-199] Attempt to get parsing info during refresh. "On-the-fly" syntax checking information may be incorrect. [C:\Users\osmya\Desktop\RiscV-CS\rv32i_single_cycle\rv32i_single_cycle.srcs\sim_1\new\tb_alu.sv:]
WARNING: [filemgmt 56-199] Attempt to get parsing info during refresh. "On-the-fly" syntax checking information may be incorrect. [C:\Users\osmya\Desktop\RiscV-CS\rv32i_single_cycle\rv32i_single_cycle.srcs\sim_1\new\tb_alu.sv:]
WARNING: [filemgmt 56-199] Attempt to get parsing info during refresh. "On-the-fly" syntax checking information may be incorrect. [C:\Users\osmya\Desktop\RiscV-CS\rv32i_single_cycle\rv32i_single_cycle.srcs\sources_1\new\control_unit.sv:]
WARNING: [filemgmt 56-199] Attempt to get parsing info during refresh. "On-the-fly" syntax checking information may be incorrect. [C:\Users\osmya\Desktop\RiscV-CS\rv32i_single_cycle\rv32i_single_cycle.srcs\sources_1\new\cpu.sv:]
WARNING: [filemgmt 56-199] Attempt to get parsing info during refresh. "On-the-fly" syntax checking information may be incorrect. [C:\Users\osmya\Desktop\RiscV-CS\rv32i_single_cycle\rv32i_single_cycle.srcs\sim_1\new\tb_alu.sv:]
WARNING: [filemgmt 56-199] Attempt to get parsing info during refresh. "On-the-fly" syntax checking information may be incorrect. [C:\Users\osmya\Desktop\RiscV-CS\rv32i_single_cycle\rv32i_single_cycle.srcs\sources_1\new\cpu.sv:]
WARNING: [filemgmt 56-199] Attempt to get parsing info during refresh. "On-the-fly" syntax checking information may be incorrect. [C:\Users\osmya\Desktop\RiscV-CS\rv32i_single_cycle\rv32i_single_cycle.srcs\sources_1\new\cpu.sv:]
WARNING: [filemgmt 56-199] Attempt to get parsing info during refresh. "On-the-fly" syntax checking information may be incorrect. [C:\Users\osmya\Desktop\RiscV-CS\rv32i_single_cycle\rv32i_single_cycle.srcs\sources_1\new\control_unit.sv:]
WARNING: [filemgmt 56-199] Attempt to get parsing info during refresh. "On-the-fly" syntax checking information may be incorrect. [C:\Users\osmya\Desktop\RiscV-CS\rv32i_single_cycle\rv32i_single_cycle.srcs\sources_1\new\cpu.sv:]
WARNING: [filemgmt 56-199] Attempt to get parsing info during refresh. "On-the-fly" syntax checking information may be incorrect. [C:\Users\osmya\Desktop\RiscV-CS\rv32i_single_cycle\rv32i_single_cycle.srcs\sim_1\new\tb_alu.sv:]
WARNING: [filemgmt 56-199] Attempt to get parsing info during refresh. "On-the-fly" syntax checking information may be incorrect. [C:\Users\osmya\Desktop\RiscV-CS\rv32i_single_cycle\rv32i_single_cycle.srcs\sim_1\new\tb_alu.sv:]
WARNING: [filemgmt 56-199] Attempt to get parsing info during refresh. "On-the-fly" syntax checking information may be incorrect. [C:\Users\osmya\Desktop\RiscV-CS\rv32i_single_cycle\rv32i_single_cycle.srcs\sim_1\new\tb_alu.sv:]
WARNING: [filemgmt 56-199] Attempt to get parsing info during refresh. "On-the-fly" syntax checking information may be incorrect. [C:\Users\osmya\Desktop\RiscV-CS\rv32i_single_cycle\rv32i_single_cycle.srcs\sources_1\new\control_unit.sv:]
WARNING: [filemgmt 56-199] Attempt to get parsing info during refresh. "On-the-fly" syntax checking information may be incorrect. [C:\Users\osmya\Desktop\RiscV-CS\rv32i_single_cycle\rv32i_single_cycle.srcs\sources_1\new\cpu.sv:]
WARNING: [filemgmt 56-199] Attempt to get parsing info during refresh. "On-the-fly" syntax checking information may be incorrect. [C:\Users\osmya\Desktop\RiscV-CS\rv32i_single_cycle\rv32i_single_cycle.srcs\sim_1\new\tb_alu.sv:]
WARNING: [filemgmt 56-199] Attempt to get parsing info during refresh. "On-the-fly" syntax checking information may be incorrect. [C:\Users\osmya\Desktop\RiscV-CS\rv32i_single_cycle\rv32i_single_cycle.srcs\sources_1\new\cpu.sv:]
WARNING: [filemgmt 56-199] Attempt to get parsing info during refresh. "On-the-fly" syntax checking information may be incorrect. [C:\Users\osmya\Desktop\RiscV-CS\rv32i_single_cycle\rv32i_single_cycle.srcs\sources_1\new\cpu.sv:]
WARNING: [filemgmt 56-199] Attempt to get parsing info during refresh. "On-the-fly" syntax checking information may be incorrect. [C:\Users\osmya\Desktop\RiscV-CS\rv32i_single_cycle\rv32i_single_cycle.srcs\sources_1\new\control_unit.sv:]
WARNING: [filemgmt 56-199] Attempt to get parsing info during refresh. "On-the-fly" syntax checking information may be incorrect. [C:\Users\osmya\Desktop\RiscV-CS\rv32i_single_cycle\rv32i_single_cycle.srcs\sources_1\new\cpu.sv:]
WARNING: [filemgmt 56-199] Attempt to get parsing info during refresh. "On-the-fly" syntax checking information may be incorrect. [C:\Users\osmya\Desktop\RiscV-CS\rv32i_single_cycle\rv32i_single_cycle.srcs\sim_1\new\tb_alu.sv:]
WARNING: [filemgmt 56-199] Attempt to get parsing info during refresh. "On-the-fly" syntax checking information may be incorrect. [C:\Users\osmya\Desktop\RiscV-CS\rv32i_single_cycle\rv32i_single_cycle.srcs\sources_1\new\control_unit.sv:]
WARNING: [filemgmt 56-199] Attempt to get parsing info during refresh. "On-the-fly" syntax checking information may be incorrect. [C:\Users\osmya\Desktop\RiscV-CS\rv32i_single_cycle\rv32i_single_cycle.srcs\sources_1\new\control_unit.sv:]
WARNING: [filemgmt 56-199] Attempt to get parsing info during refresh. "On-the-fly" syntax checking information may be incorrect. [C:\Users\osmya\Desktop\RiscV-CS\rv32i_single_cycle\rv32i_single_cycle.srcs\sources_1\new\control_unit.sv:]
WARNING: [filemgmt 56-199] Attempt to get parsing info during refresh. "On-the-fly" syntax checking information may be incorrect. [C:\Users\osmya\Desktop\RiscV-CS\rv32i_single_cycle\rv32i_single_cycle.srcs\sources_1\new\cpu.sv:]
WARNING: [filemgmt 56-199] Attempt to get parsing info during refresh. "On-the-fly" syntax checking information may be incorrect. [C:\Users\osmya\Desktop\RiscV-CS\rv32i_single_cycle\rv32i_single_cycle.srcs\sim_1\new\tb_alu.sv:]
WARNING: [filemgmt 56-199] Attempt to get parsing info during refresh. "On-the-fly" syntax checking information may be incorrect. [C:\Users\osmya\Desktop\RiscV-CS\rv32i_single_cycle\rv32i_single_cycle.srcs\sources_1\new\control_unit.sv:]
WARNING: [filemgmt 56-199] Attempt to get parsing info during refresh. "On-the-fly" syntax checking information may be incorrect. [C:\Users\osmya\Desktop\RiscV-CS\rv32i_single_cycle\rv32i_single_cycle.srcs\sources_1\new\control_unit.sv:]
WARNING: [filemgmt 56-199] Attempt to get parsing info during refresh. "On-the-fly" syntax checking information may be incorrect. [C:\Users\osmya\Desktop\RiscV-CS\rv32i_single_cycle\rv32i_single_cycle.srcs\sources_1\new\control_unit.sv:]
WARNING: [filemgmt 56-199] Attempt to get parsing info during refresh. "On-the-fly" syntax checking information may be incorrect. [C:\Users\osmya\Desktop\RiscV-CS\rv32i_single_cycle\rv32i_single_cycle.srcs\sources_1\new\cpu.sv:]
WARNING: [filemgmt 56-199] Attempt to get parsing info during refresh. "On-the-fly" syntax checking information may be incorrect. [C:\Users\osmya\Desktop\RiscV-CS\rv32i_single_cycle\rv32i_single_cycle.srcs\sim_1\new\tb_alu.sv:]
WARNING: [filemgmt 56-199] Attempt to get parsing info during refresh. "On-the-fly" syntax checking information may be incorrect. [C:\Users\osmya\Desktop\RiscV-CS\rv32i_single_cycle\rv32i_single_cycle.srcs\sources_1\new\control_unit.sv:]
WARNING: [filemgmt 56-199] Attempt to get parsing info during refresh. "On-the-fly" syntax checking information may be incorrect. [C:\Users\osmya\Desktop\RiscV-CS\rv32i_single_cycle\rv32i_single_cycle.srcs\sources_1\new\control_unit.sv:]
WARNING: [filemgmt 56-199] Attempt to get parsing info during refresh. "On-the-fly" syntax checking information may be incorrect. [C:\Users\osmya\Desktop\RiscV-CS\rv32i_single_cycle\rv32i_single_cycle.srcs\sources_1\new\control_unit.sv:]
WARNING: [filemgmt 56-199] Attempt to get parsing info during refresh. "On-the-fly" syntax checking information may be incorrect. [C:\Users\osmya\Desktop\RiscV-CS\rv32i_single_cycle\rv32i_single_cycle.srcs\sources_1\new\cpu.sv:]
WARNING: [filemgmt 56-199] Attempt to get parsing info during refresh. "On-the-fly" syntax checking information may be incorrect. [C:\Users\osmya\Desktop\RiscV-CS\rv32i_single_cycle\rv32i_single_cycle.srcs\sim_1\new\tb_alu.sv:]
WARNING: [filemgmt 56-199] Attempt to get parsing info during refresh. "On-the-fly" syntax checking information may be incorrect. [C:\Users\osmya\Desktop\RiscV-CS\rv32i_single_cycle\rv32i_single_cycle.srcs\sim_1\new\tb_alu.sv:]
WARNING: [filemgmt 56-199] Attempt to get parsing info during refresh. "On-the-fly" syntax checking information may be incorrect. [C:\Users\osmya\Desktop\RiscV-CS\rv32i_single_cycle\rv32i_single_cycle.srcs\sim_1\new\tb_alu.sv:]
WARNING: [filemgmt 56-199] Attempt to get parsing info during refresh. "On-the-fly" syntax checking information may be incorrect. [C:\Users\osmya\Desktop\RiscV-CS\rv32i_single_cycle\rv32i_single_cycle.srcs\sources_1\new\control_unit.sv:]
WARNING: [filemgmt 56-199] Attempt to get parsing info during refresh. "On-the-fly" syntax checking information may be incorrect. [C:\Users\osmya\Desktop\RiscV-CS\rv32i_single_cycle\rv32i_single_cycle.srcs\sources_1\new\cpu.sv:]
WARNING: [filemgmt 56-199] Attempt to get parsing info during refresh. "On-the-fly" syntax checking information may be incorrect. [C:\Users\osmya\Desktop\RiscV-CS\rv32i_single_cycle\rv32i_single_cycle.srcs\sim_1\new\tb_alu.sv:]
WARNING: [filemgmt 56-199] Attempt to get parsing info during refresh. "On-the-fly" syntax checking information may be incorrect. [C:\Users\osmya\Desktop\RiscV-CS\rv32i_single_cycle\rv32i_single_cycle.srcs\sources_1\new\control_unit.sv:]
WARNING: [filemgmt 56-199] Attempt to get parsing info during refresh. "On-the-fly" syntax checking information may be incorrect. [C:\Users\osmya\Desktop\RiscV-CS\rv32i_single_cycle\rv32i_single_cycle.srcs\sources_1\new\control_unit.sv:]
WARNING: [filemgmt 56-199] Attempt to get parsing info during refresh. "On-the-fly" syntax checking information may be incorrect. [C:\Users\osmya\Desktop\RiscV-CS\rv32i_single_cycle\rv32i_single_cycle.srcs\sources_1\new\control_unit.sv:]
WARNING: [filemgmt 56-199] Attempt to get parsing info during refresh. "On-the-fly" syntax checking information may be incorrect. [C:\Users\osmya\Desktop\RiscV-CS\rv32i_single_cycle\rv32i_single_cycle.srcs\sources_1\new\cpu.sv:]
WARNING: [filemgmt 56-199] Attempt to get parsing info during refresh. "On-the-fly" syntax checking information may be incorrect. [C:\Users\osmya\Desktop\RiscV-CS\rv32i_single_cycle\rv32i_single_cycle.srcs\sim_1\new\tb_alu.sv:]
WARNING: [filemgmt 56-199] Attempt to get parsing info during refresh. "On-the-fly" syntax checking information may be incorrect. [C:\Users\osmya\Desktop\RiscV-CS\rv32i_single_cycle\rv32i_single_cycle.srcs\sim_1\new\tb_alu.sv:]
WARNING: [filemgmt 56-199] Attempt to get parsing info during refresh. "On-the-fly" syntax checking information may be incorrect. [C:\Users\osmya\Desktop\RiscV-CS\rv32i_single_cycle\rv32i_single_cycle.srcs\sim_1\new\tb_alu.sv:]
set_property top tb_alu [get_filesets sim_1]
set_property top_lib xil_defaultlib [get_filesets sim_1]
WARNING: [filemgmt 56-199] Attempt to get parsing info during refresh. "On-the-fly" syntax checking information may be incorrect. [C:\Users\osmya\Desktop\RiscV-CS\rv32i_single_cycle\rv32i_single_cycle.srcs\sources_1\new\control_unit.sv:]
WARNING: [filemgmt 56-199] Attempt to get parsing info during refresh. "On-the-fly" syntax checking information may be incorrect. [C:\Users\osmya\Desktop\RiscV-CS\rv32i_single_cycle\rv32i_single_cycle.srcs\sources_1\new\cpu.sv:]
WARNING: [filemgmt 56-199] Attempt to get parsing info during refresh. "On-the-fly" syntax checking information may be incorrect. [C:\Users\osmya\Desktop\RiscV-CS\rv32i_single_cycle\rv32i_single_cycle.srcs\sim_1\new\tb_alu.sv:]
WARNING: [filemgmt 56-199] Attempt to get parsing info during refresh. "On-the-fly" syntax checking information may be incorrect. [C:\Users\osmya\Desktop\RiscV-CS\rv32i_single_cycle\rv32i_single_cycle.srcs\sources_1\new\control_unit.sv:]
WARNING: [filemgmt 56-199] Attempt to get parsing info during refresh. "On-the-fly" syntax checking information may be incorrect. [C:\Users\osmya\Desktop\RiscV-CS\rv32i_single_cycle\rv32i_single_cycle.srcs\sources_1\new\control_unit.sv:]
update_compile_order -fileset sim_1
WARNING: [filemgmt 56-199] Attempt to get parsing info during refresh. "On-the-fly" syntax checking information may be incorrect. [C:\Users\osmya\Desktop\RiscV-CS\rv32i_single_cycle\rv32i_single_cycle.srcs\sources_1\new\control_unit.sv:]
WARNING: [filemgmt 56-199] Attempt to get parsing info during refresh. "On-the-fly" syntax checking information may be incorrect. [C:\Users\osmya\Desktop\RiscV-CS\rv32i_single_cycle\rv32i_single_cycle.srcs\sources_1\new\cpu.sv:]
WARNING: [filemgmt 56-199] Attempt to get parsing info during refresh. "On-the-fly" syntax checking information may be incorrect. [C:\Users\osmya\Desktop\RiscV-CS\rv32i_single_cycle\rv32i_single_cycle.srcs\sim_1\new\tb_alu.sv:]
WARNING: [filemgmt 56-199] Attempt to get parsing info during refresh. "On-the-fly" syntax checking information may be incorrect. [C:\Users\osmya\Desktop\RiscV-CS\rv32i_single_cycle\rv32i_single_cycle.srcs\sources_1\new\cpu.sv:]
WARNING: [filemgmt 56-199] Attempt to get parsing info during refresh. "On-the-fly" syntax checking information may be incorrect. [C:\Users\osmya\Desktop\RiscV-CS\rv32i_single_cycle\rv32i_single_cycle.srcs\sources_1\new\cpu.sv:]
WARNING: [filemgmt 56-199] Attempt to get parsing info during refresh. "On-the-fly" syntax checking information may be incorrect. [C:\Users\osmya\Desktop\RiscV-CS\rv32i_single_cycle\rv32i_single_cycle.srcs\sources_1\new\control_unit.sv:]
WARNING: [filemgmt 56-199] Attempt to get parsing info during refresh. "On-the-fly" syntax checking information may be incorrect. [C:\Users\osmya\Desktop\RiscV-CS\rv32i_single_cycle\rv32i_single_cycle.srcs\sources_1\new\cpu.sv:]
WARNING: [filemgmt 56-199] Attempt to get parsing info during refresh. "On-the-fly" syntax checking information may be incorrect. [C:\Users\osmya\Desktop\RiscV-CS\rv32i_single_cycle\rv32i_single_cycle.srcs\sim_1\new\tb_alu.sv:]
WARNING: [filemgmt 56-199] Attempt to get parsing info during refresh. "On-the-fly" syntax checking information may be incorrect. [C:\Users\osmya\Desktop\RiscV-CS\rv32i_single_cycle\rv32i_single_cycle.srcs\sources_1\new\control_unit.sv:]
WARNING: [filemgmt 56-199] Attempt to get parsing info during refresh. "On-the-fly" syntax checking information may be incorrect. [C:\Users\osmya\Desktop\RiscV-CS\rv32i_single_cycle\rv32i_single_cycle.srcs\sources_1\new\control_unit.sv:]
launch_simulation
Command: launch_simulation 
INFO: [Vivado 12-12493] Simulation top is 'tb_alu'
INFO: [Vivado 12-5682] Launching behavioral simulation in 'C:/Users/osmya/Desktop/RiscV-CS/rv32i_single_cycle/rv32i_single_cycle.sim/sim_1/behav/xsim'
INFO: [SIM-utils-51] Simulation object is 'sim_1'
INFO: [SIM-utils-72] Using boost library from 'C:/Xilinx/2025.1/Vivado/tps/boost_1_72_0'
INFO: [SIM-utils-54] Inspecting design source files for 'tb_alu' in fileset 'sim_1'...
INFO: [SIM-utils-43] Exported 'C:/Users/osmya/Desktop/RiscV-CS/rv32i_single_cycle/rv32i_single_cycle.sim/sim_1/behav/xsim/instructions.mem'
INFO: [SIM-utils-43] Exported 'C:/Users/osmya/Desktop/RiscV-CS/rv32i_single_cycle/rv32i_single_cycle.sim/sim_1/behav/xsim/instructions.mem'
INFO: [USF-XSim-97] Finding global include files...
INFO: [USF-XSim-98] Fetching design files from 'sim_1'...
INFO: [USF-XSim-2] XSim::Compile design
INFO: [USF-XSim-61] Executing 'COMPILE and ANALYZE' step in 'C:/Users/osmya/Desktop/RiscV-CS/rv32i_single_cycle/rv32i_single_cycle.sim/sim_1/behav/xsim'
"xvlog --incr --relax -L uvm -prj tb_alu_vlog.prj"
INFO: [VRFC 10-2263] Analyzing SystemVerilog file "C:/Users/osmya/Desktop/RiscV-CS/rv32i_single_cycle/rv32i_single_cycle.srcs/sources_1/new/alu.sv" into library xil_defaultlib
INFO: [VRFC 10-311] analyzing module alu
ERROR: [VRFC 10-2989] 'ALU_MUL' is not declared [C:/Users/osmya/Desktop/RiscV-CS/rv32i_single_cycle/rv32i_single_cycle.srcs/sources_1/new/alu.sv:72]
ERROR: [VRFC 10-8530] module 'alu' is ignored due to previous errors [C:/Users/osmya/Desktop/RiscV-CS/rv32i_single_cycle/rv32i_single_cycle.srcs/sources_1/new/alu.sv:22]
INFO: [USF-XSim-69] 'compile' step finished in '1' seconds
INFO: [USF-XSim-99] Step results log file:'C:/Users/osmya/Desktop/RiscV-CS/rv32i_single_cycle/rv32i_single_cycle.sim/sim_1/behav/xsim/xvlog.log'
ERROR: [USF-XSim-62] 'compile' step failed with error(s). Please check the Tcl console output or 'C:/Users/osmya/Desktop/RiscV-CS/rv32i_single_cycle/rv32i_single_cycle.sim/sim_1/behav/xsim/xvlog.log' file for more information.
ERROR: [Vivado 12-4473] Detected error while running simulation. Please correct the issue and retry this operation.
ERROR: [Common 17-39] 'launch_simulation' failed due to earlier errors.
WARNING: [filemgmt 56-199] Attempt to get parsing info during refresh. "On-the-fly" syntax checking information may be incorrect. [C:\Users\osmya\Desktop\RiscV-CS\rv32i_single_cycle\rv32i_single_cycle.srcs\sources_1\new\control_unit.sv:]
WARNING: [filemgmt 56-199] Attempt to get parsing info during refresh. "On-the-fly" syntax checking information may be incorrect. [C:\Users\osmya\Desktop\RiscV-CS\rv32i_single_cycle\rv32i_single_cycle.srcs\sources_1\new\cpu.sv:]
WARNING: [filemgmt 56-199] Attempt to get parsing info during refresh. "On-the-fly" syntax checking information may be incorrect. [C:\Users\osmya\Desktop\RiscV-CS\rv32i_single_cycle\rv32i_single_cycle.srcs\sim_1\new\tb_alu.sv:]
WARNING: [filemgmt 56-199] Attempt to get parsing info during refresh. "On-the-fly" syntax checking information may be incorrect. [C:\Users\osmya\Desktop\RiscV-CS\rv32i_single_cycle\rv32i_single_cycle.srcs\sources_1\new\control_unit.sv:]
WARNING: [filemgmt 56-199] Attempt to get parsing info during refresh. "On-the-fly" syntax checking information may be incorrect. [C:\Users\osmya\Desktop\RiscV-CS\rv32i_single_cycle\rv32i_single_cycle.srcs\sources_1\new\control_unit.sv:]
WARNING: [filemgmt 56-199] Attempt to get parsing info during refresh. "On-the-fly" syntax checking information may be incorrect. [C:\Users\osmya\Desktop\RiscV-CS\rv32i_single_cycle\rv32i_single_cycle.srcs\sources_1\new\control_unit.sv:]
WARNING: [filemgmt 56-199] Attempt to get parsing info during refresh. "On-the-fly" syntax checking information may be incorrect. [C:\Users\osmya\Desktop\RiscV-CS\rv32i_single_cycle\rv32i_single_cycle.srcs\sources_1\new\cpu.sv:]
WARNING: [filemgmt 56-199] Attempt to get parsing info during refresh. "On-the-fly" syntax checking information may be incorrect. [C:\Users\osmya\Desktop\RiscV-CS\rv32i_single_cycle\rv32i_single_cycle.srcs\sim_1\new\tb_alu.sv:]
WARNING: [filemgmt 56-199] Attempt to get parsing info during refresh. "On-the-fly" syntax checking information may be incorrect. [C:\Users\osmya\Desktop\RiscV-CS\rv32i_single_cycle\rv32i_single_cycle.srcs\sim_1\new\tb_alu.sv:]
WARNING: [filemgmt 56-199] Attempt to get parsing info during refresh. "On-the-fly" syntax checking information may be incorrect. [C:\Users\osmya\Desktop\RiscV-CS\rv32i_single_cycle\rv32i_single_cycle.srcs\sim_1\new\tb_alu.sv:]
ERROR: [Common 17-180] Spawn failed: The operation completed successfully.

launch_simulation
Command: launch_simulation 
INFO: [Vivado 12-12493] Simulation top is 'tb_alu'
INFO: [Vivado 12-5682] Launching behavioral simulation in 'C:/Users/osmya/Desktop/RiscV-CS/rv32i_single_cycle/rv32i_single_cycle.sim/sim_1/behav/xsim'
INFO: [SIM-utils-51] Simulation object is 'sim_1'
INFO: [SIM-utils-72] Using boost library from 'C:/Xilinx/2025.1/Vivado/tps/boost_1_72_0'
INFO: [SIM-utils-54] Inspecting design source files for 'tb_alu' in fileset 'sim_1'...
INFO: [SIM-utils-43] Exported 'C:/Users/osmya/Desktop/RiscV-CS/rv32i_single_cycle/rv32i_single_cycle.sim/sim_1/behav/xsim/instructions.mem'
INFO: [SIM-utils-43] Exported 'C:/Users/osmya/Desktop/RiscV-CS/rv32i_single_cycle/rv32i_single_cycle.sim/sim_1/behav/xsim/instructions.mem'
INFO: [USF-XSim-97] Finding global include files...
INFO: [USF-XSim-98] Fetching design files from 'sim_1'...
INFO: [USF-XSim-2] XSim::Compile design
INFO: [USF-XSim-61] Executing 'COMPILE and ANALYZE' step in 'C:/Users/osmya/Desktop/RiscV-CS/rv32i_single_cycle/rv32i_single_cycle.sim/sim_1/behav/xsim'
"xvlog --incr --relax -L uvm -prj tb_alu_vlog.prj"
INFO: [VRFC 10-2263] Analyzing SystemVerilog file "C:/Users/osmya/Desktop/RiscV-CS/rv32i_single_cycle/rv32i_single_cycle.srcs/sources_1/new/alu.sv" into library xil_defaultlib
INFO: [VRFC 10-311] analyzing module alu
ERROR: [VRFC 10-2989] 'ALU_MUL' is not declared [C:/Users/osmya/Desktop/RiscV-CS/rv32i_single_cycle/rv32i_single_cycle.srcs/sources_1/new/alu.sv:72]
ERROR: [VRFC 10-8530] module 'alu' is ignored due to previous errors [C:/Users/osmya/Desktop/RiscV-CS/rv32i_single_cycle/rv32i_single_cycle.srcs/sources_1/new/alu.sv:22]
INFO: [USF-XSim-69] 'compile' step finished in '1' seconds
INFO: [USF-XSim-99] Step results log file:'C:/Users/osmya/Desktop/RiscV-CS/rv32i_single_cycle/rv32i_single_cycle.sim/sim_1/behav/xsim/xvlog.log'
ERROR: [USF-XSim-62] 'compile' step failed with error(s). Please check the Tcl console output or 'C:/Users/osmya/Desktop/RiscV-CS/rv32i_single_cycle/rv32i_single_cycle.sim/sim_1/behav/xsim/xvlog.log' file for more information.
ERROR: [Vivado 12-4473] Detected error while running simulation. Please correct the issue and retry this operation.
ERROR: [Common 17-39] 'launch_simulation' failed due to earlier errors.
launch_simulation
Command: launch_simulation 
INFO: [Vivado 12-12493] Simulation top is 'tb_alu'
INFO: [Vivado 12-5682] Launching behavioral simulation in 'C:/Users/osmya/Desktop/RiscV-CS/rv32i_single_cycle/rv32i_single_cycle.sim/sim_1/behav/xsim'
INFO: [SIM-utils-51] Simulation object is 'sim_1'
INFO: [SIM-utils-72] Using boost library from 'C:/Xilinx/2025.1/Vivado/tps/boost_1_72_0'
INFO: [SIM-utils-54] Inspecting design source files for 'tb_alu' in fileset 'sim_1'...
INFO: [SIM-utils-43] Exported 'C:/Users/osmya/Desktop/RiscV-CS/rv32i_single_cycle/rv32i_single_cycle.sim/sim_1/behav/xsim/instructions.mem'
INFO: [SIM-utils-43] Exported 'C:/Users/osmya/Desktop/RiscV-CS/rv32i_single_cycle/rv32i_single_cycle.sim/sim_1/behav/xsim/instructions.mem'
INFO: [USF-XSim-97] Finding global include files...
INFO: [USF-XSim-98] Fetching design files from 'sim_1'...
INFO: [USF-XSim-2] XSim::Compile design
INFO: [USF-XSim-61] Executing 'COMPILE and ANALYZE' step in 'C:/Users/osmya/Desktop/RiscV-CS/rv32i_single_cycle/rv32i_single_cycle.sim/sim_1/behav/xsim'
"xvlog --incr --relax -L uvm -prj tb_alu_vlog.prj"
INFO: [VRFC 10-2263] Analyzing SystemVerilog file "C:/Users/osmya/Desktop/RiscV-CS/rv32i_single_cycle/rv32i_single_cycle.srcs/sources_1/new/alu.sv" into library xil_defaultlib
INFO: [VRFC 10-311] analyzing module alu
ERROR: [VRFC 10-2989] 'ALU_MUL' is not declared [C:/Users/osmya/Desktop/RiscV-CS/rv32i_single_cycle/rv32i_single_cycle.srcs/sources_1/new/alu.sv:72]
ERROR: [VRFC 10-8530] module 'alu' is ignored due to previous errors [C:/Users/osmya/Desktop/RiscV-CS/rv32i_single_cycle/rv32i_single_cycle.srcs/sources_1/new/alu.sv:22]
INFO: [USF-XSim-69] 'compile' step finished in '1' seconds
INFO: [USF-XSim-99] Step results log file:'C:/Users/osmya/Desktop/RiscV-CS/rv32i_single_cycle/rv32i_single_cycle.sim/sim_1/behav/xsim/xvlog.log'
ERROR: [USF-XSim-62] 'compile' step failed with error(s). Please check the Tcl console output or 'C:/Users/osmya/Desktop/RiscV-CS/rv32i_single_cycle/rv32i_single_cycle.sim/sim_1/behav/xsim/xvlog.log' file for more information.
ERROR: [Vivado 12-4473] Detected error while running simulation. Please correct the issue and retry this operation.
ERROR: [Common 17-39] 'launch_simulation' failed due to earlier errors.
launch_simulation
Command: launch_simulation 
INFO: [Vivado 12-12493] Simulation top is 'tb_alu'
INFO: [Vivado 12-5682] Launching behavioral simulation in 'C:/Users/osmya/Desktop/RiscV-CS/rv32i_single_cycle/rv32i_single_cycle.sim/sim_1/behav/xsim'
INFO: [SIM-utils-51] Simulation object is 'sim_1'
INFO: [SIM-utils-72] Using boost library from 'C:/Xilinx/2025.1/Vivado/tps/boost_1_72_0'
INFO: [SIM-utils-54] Inspecting design source files for 'tb_alu' in fileset 'sim_1'...
INFO: [SIM-utils-43] Exported 'C:/Users/osmya/Desktop/RiscV-CS/rv32i_single_cycle/rv32i_single_cycle.sim/sim_1/behav/xsim/instructions.mem'
INFO: [SIM-utils-43] Exported 'C:/Users/osmya/Desktop/RiscV-CS/rv32i_single_cycle/rv32i_single_cycle.sim/sim_1/behav/xsim/instructions.mem'
INFO: [USF-XSim-97] Finding global include files...
INFO: [USF-XSim-98] Fetching design files from 'sim_1'...
INFO: [USF-XSim-2] XSim::Compile design
INFO: [USF-XSim-61] Executing 'COMPILE and ANALYZE' step in 'C:/Users/osmya/Desktop/RiscV-CS/rv32i_single_cycle/rv32i_single_cycle.sim/sim_1/behav/xsim'
"xvlog --incr --relax -L uvm -prj tb_alu_vlog.prj"
INFO: [VRFC 10-2263] Analyzing SystemVerilog file "C:/Users/osmya/Desktop/RiscV-CS/rv32i_single_cycle/rv32i_single_cycle.srcs/sources_1/new/alu.sv" into library xil_defaultlib
INFO: [VRFC 10-311] analyzing module alu
ERROR: [VRFC 10-2989] 'ALU_MUL' is not declared [C:/Users/osmya/Desktop/RiscV-CS/rv32i_single_cycle/rv32i_single_cycle.srcs/sources_1/new/alu.sv:72]
ERROR: [VRFC 10-8530] module 'alu' is ignored due to previous errors [C:/Users/osmya/Desktop/RiscV-CS/rv32i_single_cycle/rv32i_single_cycle.srcs/sources_1/new/alu.sv:22]
INFO: [USF-XSim-69] 'compile' step finished in '1' seconds
INFO: [USF-XSim-99] Step results log file:'C:/Users/osmya/Desktop/RiscV-CS/rv32i_single_cycle/rv32i_single_cycle.sim/sim_1/behav/xsim/xvlog.log'
ERROR: [USF-XSim-62] 'compile' step failed with error(s). Please check the Tcl console output or 'C:/Users/osmya/Desktop/RiscV-CS/rv32i_single_cycle/rv32i_single_cycle.sim/sim_1/behav/xsim/xvlog.log' file for more information.
ERROR: [Vivado 12-4473] Detected error while running simulation. Please correct the issue and retry this operation.
ERROR: [Common 17-39] 'launch_simulation' failed due to earlier errors.
launch_simulation
Command: launch_simulation 
INFO: [Vivado 12-12493] Simulation top is 'tb_alu'
INFO: [Vivado 12-5682] Launching behavioral simulation in 'C:/Users/osmya/Desktop/RiscV-CS/rv32i_single_cycle/rv32i_single_cycle.sim/sim_1/behav/xsim'
INFO: [SIM-utils-51] Simulation object is 'sim_1'
INFO: [SIM-utils-72] Using boost library from 'C:/Xilinx/2025.1/Vivado/tps/boost_1_72_0'
INFO: [SIM-utils-54] Inspecting design source files for 'tb_alu' in fileset 'sim_1'...
INFO: [SIM-utils-43] Exported 'C:/Users/osmya/Desktop/RiscV-CS/rv32i_single_cycle/rv32i_single_cycle.sim/sim_1/behav/xsim/instructions.mem'
INFO: [SIM-utils-43] Exported 'C:/Users/osmya/Desktop/RiscV-CS/rv32i_single_cycle/rv32i_single_cycle.sim/sim_1/behav/xsim/instructions.mem'
INFO: [USF-XSim-97] Finding global include files...
INFO: [USF-XSim-98] Fetching design files from 'sim_1'...
INFO: [USF-XSim-2] XSim::Compile design
INFO: [USF-XSim-61] Executing 'COMPILE and ANALYZE' step in 'C:/Users/osmya/Desktop/RiscV-CS/rv32i_single_cycle/rv32i_single_cycle.sim/sim_1/behav/xsim'
"xvlog --incr --relax -L uvm -prj tb_alu_vlog.prj"
INFO: [VRFC 10-2263] Analyzing SystemVerilog file "C:/Users/osmya/Desktop/RiscV-CS/rv32i_single_cycle/rv32i_single_cycle.srcs/sources_1/new/alu.sv" into library xil_defaultlib
INFO: [VRFC 10-311] analyzing module alu
ERROR: [VRFC 10-2989] 'ALU_MUL' is not declared [C:/Users/osmya/Desktop/RiscV-CS/rv32i_single_cycle/rv32i_single_cycle.srcs/sources_1/new/alu.sv:72]
ERROR: [VRFC 10-8530] module 'alu' is ignored due to previous errors [C:/Users/osmya/Desktop/RiscV-CS/rv32i_single_cycle/rv32i_single_cycle.srcs/sources_1/new/alu.sv:22]
INFO: [USF-XSim-69] 'compile' step finished in '2' seconds
INFO: [USF-XSim-99] Step results log file:'C:/Users/osmya/Desktop/RiscV-CS/rv32i_single_cycle/rv32i_single_cycle.sim/sim_1/behav/xsim/xvlog.log'
ERROR: [USF-XSim-62] 'compile' step failed with error(s). Please check the Tcl console output or 'C:/Users/osmya/Desktop/RiscV-CS/rv32i_single_cycle/rv32i_single_cycle.sim/sim_1/behav/xsim/xvlog.log' file for more information.
ERROR: [Vivado 12-4473] Detected error while running simulation. Please correct the issue and retry this operation.
ERROR: [Common 17-39] 'launch_simulation' failed due to earlier errors.
launch_simulation
Command: launch_simulation 
INFO: [Vivado 12-12493] Simulation top is 'tb_alu'
INFO: [Vivado 12-5682] Launching behavioral simulation in 'C:/Users/osmya/Desktop/RiscV-CS/rv32i_single_cycle/rv32i_single_cycle.sim/sim_1/behav/xsim'
INFO: [SIM-utils-51] Simulation object is 'sim_1'
INFO: [SIM-utils-72] Using boost library from 'C:/Xilinx/2025.1/Vivado/tps/boost_1_72_0'
INFO: [SIM-utils-54] Inspecting design source files for 'tb_alu' in fileset 'sim_1'...
INFO: [SIM-utils-43] Exported 'C:/Users/osmya/Desktop/RiscV-CS/rv32i_single_cycle/rv32i_single_cycle.sim/sim_1/behav/xsim/instructions.mem'
INFO: [SIM-utils-43] Exported 'C:/Users/osmya/Desktop/RiscV-CS/rv32i_single_cycle/rv32i_single_cycle.sim/sim_1/behav/xsim/instructions.mem'
INFO: [USF-XSim-97] Finding global include files...
INFO: [USF-XSim-98] Fetching design files from 'sim_1'...
INFO: [USF-XSim-2] XSim::Compile design
INFO: [USF-XSim-61] Executing 'COMPILE and ANALYZE' step in 'C:/Users/osmya/Desktop/RiscV-CS/rv32i_single_cycle/rv32i_single_cycle.sim/sim_1/behav/xsim'
"xvlog --incr --relax -L uvm -prj tb_alu_vlog.prj"
INFO: [VRFC 10-2263] Analyzing SystemVerilog file "C:/Users/osmya/Desktop/RiscV-CS/rv32i_single_cycle/rv32i_single_cycle.srcs/sources_1/new/alu.sv" into library xil_defaultlib
INFO: [VRFC 10-311] analyzing module alu
ERROR: [VRFC 10-2989] 'ALU_MUL' is not declared [C:/Users/osmya/Desktop/RiscV-CS/rv32i_single_cycle/rv32i_single_cycle.srcs/sources_1/new/alu.sv:72]
ERROR: [VRFC 10-8530] module 'alu' is ignored due to previous errors [C:/Users/osmya/Desktop/RiscV-CS/rv32i_single_cycle/rv32i_single_cycle.srcs/sources_1/new/alu.sv:22]
INFO: [USF-XSim-69] 'compile' step finished in '1' seconds
INFO: [USF-XSim-99] Step results log file:'C:/Users/osmya/Desktop/RiscV-CS/rv32i_single_cycle/rv32i_single_cycle.sim/sim_1/behav/xsim/xvlog.log'
ERROR: [USF-XSim-62] 'compile' step failed with error(s). Please check the Tcl console output or 'C:/Users/osmya/Desktop/RiscV-CS/rv32i_single_cycle/rv32i_single_cycle.sim/sim_1/behav/xsim/xvlog.log' file for more information.
ERROR: [Vivado 12-4473] Detected error while running simulation. Please correct the issue and retry this operation.
ERROR: [Common 17-39] 'launch_simulation' failed due to earlier errors.
exit
INFO: [Common 17-206] Exiting Vivado at Mon Feb 23 11:03:37 2026...
