Copyright 1986-2022 Xilinx, Inc. All Rights Reserved. Copyright 2022-2025 Advanced Micro Devices, Inc. All Rights Reserved.
---------------------------------------------------------------------------------------------------------------------------------------------
| Tool Version : Vivado v.2025.2 (lin64) Build 6299465 Fri Nov 14 12:34:56 MST 2025
| Date         : Fri Apr 24 13:15:25 2026
| Host         : rt7-desktop1 running 64-bit Ubuntu 24.04.3 LTS
| Command      : report_control_sets -verbose -file cpu_control_sets_placed.rpt
| Design       : cpu
| Device       : xc7a100t
---------------------------------------------------------------------------------------------------------------------------------------------

Control Set Information

Table of Contents
-----------------
1. Summary
2. Histogram
3. Flip-Flop Distribution
4. Detailed Control Set Information

1. Summary
----------

+----------------------------------------------------------+-------+
|                          Status                          | Count |
+----------------------------------------------------------+-------+
| Total control sets                                       |    36 |
|    Minimum number of control sets                        |    36 |
|    Addition due to synthesis replication                 |     0 |
|    Addition due to physical synthesis replication        |     0 |
| Unused register locations in slices containing registers |     0 |
+----------------------------------------------------------+-------+
* Control sets can be merged at opt_design using control_set_merge or merge_equivalent_drivers
** Run report_qor_suggestions for automated merging and remapping suggestions


2. Histogram
------------

+--------------------+-------+
|       Fanout       | Count |
+--------------------+-------+
| Total control sets |    36 |
| >= 0 to < 4        |     0 |
| >= 4 to < 6        |     0 |
| >= 6 to < 8        |     0 |
| >= 8 to < 10       |     0 |
| >= 10 to < 12      |     0 |
| >= 12 to < 14      |     0 |
| >= 14 to < 16      |     0 |
| >= 16              |    36 |
+--------------------+-------+
* Control sets can be remapped at either synth_design or opt_design


3. Flip-Flop Distribution
-------------------------

+--------------+-----------------------+------------------------+-----------------+--------------+
| Clock Enable | Synchronous Set/Reset | Asynchronous Set/Reset | Total Registers | Total Slices |
+--------------+-----------------------+------------------------+-----------------+--------------+
| No           | No                    | No                     |               0 |            0 |
| No           | No                    | Yes                    |               0 |            0 |
| No           | Yes                   | No                     |               0 |            0 |
| Yes          | No                    | No                     |               0 |            0 |
| Yes          | No                    | Yes                    |            1024 |          553 |
| Yes          | Yes                   | No                     |               0 |            0 |
+--------------+-----------------------+------------------------+-----------------+--------------+


4. Detailed Control Set Information
-----------------------------------

+----------------+-------------------------------------------+------------------+------------------+----------------+--------------+
|  Clock Signal  |               Enable Signal               | Set/Reset Signal | Slice Load Count | Bel Load Count | Bels / Slice |
+----------------+-------------------------------------------+------------------+------------------+----------------+--------------+
|  clk_IBUF_BUFG | reg_file/mem_arr[27][31]_i_1_n_0          | rst_IBUF         |               11 |             32 |         2.91 |
|  clk_IBUF_BUFG | _cu/control_pc_en                         | rst_IBUF         |                8 |             32 |         4.00 |
|  clk_IBUF_BUFG | reg_file/mem_arr[9][31]_i_1_n_0           | rst_IBUF         |               18 |             32 |         1.78 |
|  clk_IBUF_BUFG | reg_file/mem_arr[8][31]_i_1_n_0           | rst_IBUF         |               16 |             32 |         2.00 |
|  clk_IBUF_BUFG | reg_file/mem_arr[7][31]_i_1_n_0           | rst_IBUF         |               13 |             32 |         2.46 |
|  clk_IBUF_BUFG | reg_file/mem_arr[6][31]_i_1_n_0           | rst_IBUF         |               19 |             32 |         1.68 |
|  clk_IBUF_BUFG | reg_file/mem_arr[5][31]_i_1_n_0           | rst_IBUF         |               18 |             32 |         1.78 |
|  clk_IBUF_BUFG | reg_file/mem_arr[4][31]_i_1_n_0           | rst_IBUF         |               15 |             32 |         2.13 |
|  clk_IBUF_BUFG | reg_file/mem_arr[3][31]_i_1_n_0           | rst_IBUF         |               11 |             32 |         2.91 |
|  clk_IBUF_BUFG | reg_file/mem_arr[31][31]_i_1_n_0          | rst_IBUF         |               14 |             32 |         2.29 |
|  clk_IBUF_BUFG | reg_file/mem_arr[30][31]_i_1_n_0          | rst_IBUF         |               16 |             32 |         2.00 |
|  clk_IBUF_BUFG | reg_file/mem_arr[2][31]_i_1_n_0           | rst_IBUF         |               16 |             32 |         2.00 |
|  clk_IBUF_BUFG | reg_file/mem_arr[29][31]_i_1_n_0          | rst_IBUF         |               18 |             32 |         1.78 |
|  clk_IBUF_BUFG | reg_file/mem_arr[28][31]_i_1_n_0          | rst_IBUF         |               18 |             32 |         1.78 |
|  clk_IBUF_BUFG | reg_file/mem_arr[10][31]_i_1_n_0          | rst_IBUF         |               23 |             32 |         1.39 |
|  clk_IBUF_BUFG | reg_file/mem_arr[26][31]_i_1_n_0          | rst_IBUF         |               14 |             32 |         2.29 |
|  clk_IBUF_BUFG | reg_file/mem_arr[18][31]_i_1_n_0          | rst_IBUF         |               17 |             32 |         1.88 |
|  clk_IBUF_BUFG | reg_file/mem_arr[11][31]_i_1_n_0          | rst_IBUF         |               22 |             32 |         1.45 |
|  clk_IBUF_BUFG | reg_file/mem_arr[12][31]_i_1_n_0          | rst_IBUF         |               24 |             32 |         1.33 |
|  clk_IBUF_BUFG | reg_file/mem_arr[13][31]_i_1_n_0          | rst_IBUF         |               24 |             32 |         1.33 |
|  clk_IBUF_BUFG | reg_file/mem_arr[14][31]_i_1_n_0          | rst_IBUF         |               22 |             32 |         1.45 |
|  clk_IBUF_BUFG | reg_file/mem_arr[15][31]_i_1_n_0          | rst_IBUF         |               18 |             32 |         1.78 |
|  clk_IBUF_BUFG | reg_file/mem_arr[25][31]_i_1_n_0          | rst_IBUF         |               15 |             32 |         2.13 |
|  clk_IBUF_BUFG | reg_file/mem_arr[16][31]_i_1_n_0          | rst_IBUF         |               18 |             32 |         1.78 |
|  clk_IBUF_BUFG | reg_file/mem_arr[17][31]_i_1_n_0          | rst_IBUF         |               25 |             32 |         1.28 |
|  clk_IBUF_BUFG | reg_file/mem_arr[19][31]_i_1_n_0          | rst_IBUF         |               15 |             32 |         2.13 |
|  clk_IBUF_BUFG | reg_file/mem_arr[1][31]_i_1_n_0           | rst_IBUF         |               22 |             32 |         1.45 |
|  clk_IBUF_BUFG | reg_file/mem_arr[20][31]_i_1_n_0          | rst_IBUF         |               17 |             32 |         1.88 |
|  clk_IBUF_BUFG | reg_file/mem_arr[21][31]_i_1_n_0          | rst_IBUF         |               18 |             32 |         1.78 |
|  clk_IBUF_BUFG | reg_file/mem_arr[22][31]_i_1_n_0          | rst_IBUF         |               15 |             32 |         2.13 |
|  clk_IBUF_BUFG | reg_file/mem_arr[23][31]_i_1_n_0          | rst_IBUF         |               15 |             32 |         2.13 |
|  clk_IBUF_BUFG | reg_file/mem_arr[24][31]_i_1_n_0          | rst_IBUF         |               18 |             32 |         1.78 |
|  clk_IBUF_BUFG | mem_data/mem_arr_reg_0_255_0_0_i_1_n_0    |                  |               32 |            128 |         4.00 |
|  clk_IBUF_BUFG | mem_data/mem_arr_reg_256_511_0_0_i_1_n_0  |                  |               32 |            128 |         4.00 |
|  clk_IBUF_BUFG | mem_data/mem_arr_reg_512_767_0_0_i_1_n_0  |                  |               32 |            128 |         4.00 |
|  clk_IBUF_BUFG | mem_data/mem_arr_reg_768_1023_0_0_i_1_n_0 |                  |               32 |            128 |         4.00 |
+----------------+-------------------------------------------+------------------+------------------+----------------+--------------+


