Time resolution is 1 ps
Timeout fail: program did not reach halt loop within 384 cycles
mem[33] fail: got 0 expected 1
mem[34] fail: got 0 expected 1
mem[35] fail: got 0 expected 2
mem[36] fail: got 0 expected 3
mem[37] fail: got 0 expected 5
mem[38] fail: got 0 expected 8
mem[39] fail: got 0 expected 13
mem[40] fail: got 0 expected 21
mem[41] fail: got 0 expected 34
mem[42] fail: got 0 expected 55
mem[43] fail: got 0 expected 89
mem[44] fail: got 0 expected 144
mem[45] fail: got 0 expected 233
mem[46] fail: got 0 expected 377
mem[47] fail: got 0 expected 610
mem[48] fail: got 0 expected 987
mem[49] fail: got 0 expected 1597
mem[50] fail: got 0 expected 2584
mem[51] fail: got 0 expected 4181
x10 fail: got 0
Generated Fibonacci sequence:
mem[32] = 0
mem[33] = 0
mem[34] = 0
mem[35] = 0
mem[36] = 0
mem[37] = 0
mem[38] = 0
mem[39] = 0
mem[40] = 0
mem[41] = 0
mem[42] = 0
mem[43] = 0
mem[44] = 0
mem[45] = 0
mem[46] = 0
mem[47] = 0
mem[48] = 0
mem[49] = 0
mem[50] = 0
mem[51] = 0
FAIL: Program run completed with 21 errors
$finish called at time : 3875 ns : File "/home/rt7/Desktop/RiscV-CS/rv32i_single_cycle/rv32i_single_cycle.srcs/sim_1/new/tb_program_run.sv" Line 96
INFO: xsimkernel Simulation Memory Usage: 285300 KB (Peak: 338472 KB), Simulation CPU Usage: 640 ms
