INFO: [VRFC 10-2263] Analyzing SystemVerilog file "/home/rt7/Desktop/RiscV-CS/rv32i_single_cycle/rv32i_single_cycle.srcs/sources_1/new/alu.sv" into library xil_defaultlib
INFO: [VRFC 10-311] analyzing module alu
INFO: [VRFC 10-2263] Analyzing SystemVerilog file "/home/rt7/Desktop/RiscV-CS/rv32i_single_cycle/rv32i_single_cycle.srcs/sources_1/new/control_unit.sv" into library xil_defaultlib
INFO: [VRFC 10-311] analyzing module control_unit
INFO: [VRFC 10-2263] Analyzing SystemVerilog file "/home/rt7/Desktop/RiscV-CS/rv32i_single_cycle/rv32i_single_cycle.srcs/sources_1/new/cpu.sv" into library xil_defaultlib
INFO: [VRFC 10-311] analyzing module cpu
WARNING: [VRFC 10-3248] data object 'branch_taken' is already declared [/home/rt7/Desktop/RiscV-CS/rv32i_single_cycle/rv32i_single_cycle.srcs/sources_1/new/cpu.sv:179]
WARNING: [VRFC 10-9364] second declaration of 'branch_taken' is ignored [/home/rt7/Desktop/RiscV-CS/rv32i_single_cycle/rv32i_single_cycle.srcs/sources_1/new/cpu.sv:179]
INFO: [VRFC 10-2263] Analyzing SystemVerilog file "/home/rt7/Desktop/RiscV-CS/rv32i_single_cycle/rv32i_single_cycle.srcs/sources_1/new/memory_data.sv" into library xil_defaultlib
INFO: [VRFC 10-311] analyzing module memory_data
INFO: [VRFC 10-2263] Analyzing SystemVerilog file "/home/rt7/Desktop/RiscV-CS/rv32i_single_cycle/rv32i_single_cycle.srcs/sources_1/new/memory_instruction.sv" into library xil_defaultlib
INFO: [VRFC 10-311] analyzing module memory_instruction
INFO: [VRFC 10-2263] Analyzing SystemVerilog file "/home/rt7/Desktop/RiscV-CS/rv32i_single_cycle/rv32i_single_cycle.srcs/sources_1/new/pc.sv" into library xil_defaultlib
INFO: [VRFC 10-311] analyzing module pc
INFO: [VRFC 10-2263] Analyzing SystemVerilog file "/home/rt7/Desktop/RiscV-CS/rv32i_single_cycle/rv32i_single_cycle.srcs/sources_1/new/regfile.sv" into library xil_defaultlib
INFO: [VRFC 10-311] analyzing module regfile
INFO: [VRFC 10-2263] Analyzing SystemVerilog file "/home/rt7/Desktop/RiscV-CS/rv32i_single_cycle/rv32i_single_cycle.srcs/sim_1/new/tb_program_run.sv" into library xil_defaultlib
INFO: [VRFC 10-311] analyzing module tb_program_run
INFO: [VRFC 10-2263] Analyzing Verilog file "/home/rt7/Desktop/RiscV-CS/rv32i_single_cycle/rv32i_single_cycle.sim/sim_1/behav/xsim/glbl.v" into library xil_defaultlib
INFO: [VRFC 10-311] analyzing module glbl
